<?xml version="1.0" encoding="UTF-8"?>
<coverage generated="1695054203268" clover="3.2.0">
  <project timestamp="1695054203268" name="All files">
    <metrics statements="91" coveredstatements="91" conditionals="34" coveredconditionals="33" methods="10" coveredmethods="10" elements="135" coveredelements="134" complexity="0" loc="91" ncloc="91" packages="8" files="8" classes="8"/>
    <package name="Search.BinarySearch">
      <metrics statements="13" coveredstatements="13" conditionals="6" coveredconditionals="5" methods="1" coveredmethods="1"/>
      <file name="BinarySearch.ts" path="C:\Users\38067\Documents\Dimass\algorithms-data-structures\Search\BinarySearch\BinarySearch.ts">
        <metrics statements="13" coveredstatements="13" conditionals="6" coveredconditionals="5" methods="1" coveredmethods="1"/>
        <line num="3" count="1" type="stmt"/>
        <line num="5" count="9" type="stmt"/>
        <line num="6" count="9" type="stmt"/>
        <line num="7" count="9" type="stmt"/>
        <line num="8" count="32" type="stmt"/>
        <line num="9" count="32" type="cond" truecount="2" falsecount="0"/>
        <line num="10" count="6" type="stmt"/>
        <line num="12" count="26" type="cond" truecount="2" falsecount="0"/>
        <line num="13" count="14" type="stmt"/>
        <line num="15" count="12" type="cond" truecount="1" falsecount="1"/>
        <line num="16" count="12" type="stmt"/>
        <line num="19" count="3" type="stmt"/>
        <line num="21" count="1" type="stmt"/>
      </file>
    </package>
    <package name="Search.ExponentialSearch">
      <metrics statements="16" coveredstatements="16" conditionals="8" coveredconditionals="8" methods="2" coveredmethods="2"/>
      <file name="ExponentialSearch.ts" path="C:\Users\38067\Documents\Dimass\algorithms-data-structures\Search\ExponentialSearch\ExponentialSearch.ts">
        <metrics statements="16" coveredstatements="16" conditionals="8" coveredconditionals="8" methods="2" coveredmethods="2"/>
        <line num="2" count="1" type="stmt"/>
        <line num="8" count="10" type="cond" truecount="2" falsecount="0"/>
        <line num="9" count="2" type="stmt"/>
        <line num="11" count="8" type="stmt"/>
        <line num="12" count="8" type="cond" truecount="2" falsecount="0"/>
        <line num="13" count="16" type="stmt"/>
        <line num="15" count="8" type="stmt"/>
        <line num="17" count="1" type="stmt"/>
        <line num="19" count="8" type="stmt"/>
        <line num="20" count="16" type="stmt"/>
        <line num="21" count="16" type="cond" truecount="2" falsecount="0"/>
        <line num="22" count="4" type="stmt"/>
        <line num="23" count="12" type="cond" truecount="2" falsecount="0"/>
        <line num="24" count="6" type="stmt"/>
        <line num="27" count="6" type="stmt"/>
        <line num="30" count="4" type="stmt"/>
      </file>
    </package>
    <package name="Search.LinearSearch">
      <metrics statements="6" coveredstatements="6" conditionals="2" coveredconditionals="2" methods="1" coveredmethods="1"/>
      <file name="LinearSearch.ts" path="C:\Users\38067\Documents\Dimass\algorithms-data-structures\Search\LinearSearch\LinearSearch.ts">
        <metrics statements="6" coveredstatements="6" conditionals="2" coveredconditionals="2" methods="1" coveredmethods="1"/>
        <line num="2" count="1" type="stmt"/>
        <line num="4" count="10" type="stmt"/>
        <line num="5" count="457" type="cond" truecount="2" falsecount="0"/>
        <line num="6" count="6" type="stmt"/>
        <line num="9" count="4" type="stmt"/>
        <line num="11" count="1" type="stmt"/>
      </file>
    </package>
    <package name="Search.__solutions__">
      <metrics statements="12" coveredstatements="12" conditionals="4" coveredconditionals="4" methods="1" coveredmethods="1"/>
      <file name="TwoCrystalBalls.ts" path="C:\Users\38067\Documents\Dimass\algorithms-data-structures\Search\__solutions__\TwoCrystalBalls.ts">
        <metrics statements="12" coveredstatements="12" conditionals="4" coveredconditionals="4" methods="1" coveredmethods="1"/>
        <line num="3" count="1" type="stmt"/>
        <line num="5" count="3" type="stmt"/>
        <line num="6" count="3" type="stmt"/>
        <line num="7" count="3" type="stmt"/>
        <line num="8" count="5" type="cond" truecount="2" falsecount="0"/>
        <line num="9" count="2" type="stmt"/>
        <line num="12" count="3" type="stmt"/>
        <line num="13" count="3" type="stmt"/>
        <line num="14" count="6" type="cond" truecount="2" falsecount="0"/>
        <line num="15" count="2" type="stmt"/>
        <line num="18" count="1" type="stmt"/>
        <line num="20" count="1" type="stmt"/>
      </file>
    </package>
    <package name="Sorting.BubbleSort">
      <metrics statements="10" coveredstatements="10" conditionals="2" coveredconditionals="2" methods="1" coveredmethods="1"/>
      <file name="BubbleSort.ts" path="C:\Users\38067\Documents\Dimass\algorithms-data-structures\Sorting\BubbleSort\BubbleSort.ts">
        <metrics statements="10" coveredstatements="10" conditionals="2" coveredconditionals="2" methods="1" coveredmethods="1"/>
        <line num="28" count="1" type="stmt"/>
        <line num="30" count="3" type="stmt"/>
        <line num="31" count="3" type="stmt"/>
        <line num="32" count="194" type="stmt"/>
        <line num="33" count="194" type="stmt"/>
        <line num="34" count="19107" type="cond" truecount="2" falsecount="0"/>
        <line num="35" count="4718" type="stmt"/>
        <line num="36" count="4718" type="stmt"/>
        <line num="40" count="3" type="stmt"/>
        <line num="42" count="1" type="stmt"/>
      </file>
    </package>
    <package name="Sorting.InsertionSort">
      <metrics statements="10" coveredstatements="10" conditionals="2" coveredconditionals="2" methods="1" coveredmethods="1"/>
      <file name="InsertionSort.ts" path="C:\Users\38067\Documents\Dimass\algorithms-data-structures\Sorting\InsertionSort\InsertionSort.ts">
        <metrics statements="10" coveredstatements="10" conditionals="2" coveredconditionals="2" methods="1" coveredmethods="1"/>
        <line num="28" count="1" type="stmt"/>
        <line num="30" count="3" type="stmt"/>
        <line num="31" count="198" type="stmt"/>
        <line num="32" count="198" type="stmt"/>
        <line num="33" count="198" type="cond" truecount="2" falsecount="0"/>
        <line num="34" count="5344" type="stmt"/>
        <line num="35" count="5344" type="stmt"/>
        <line num="37" count="198" type="stmt"/>
        <line num="39" count="3" type="stmt"/>
        <line num="41" count="1" type="stmt"/>
      </file>
    </package>
    <package name="Sorting.MergeSort">
      <metrics statements="14" coveredstatements="14" conditionals="6" coveredconditionals="6" methods="2" coveredmethods="2"/>
      <file name="MergeSort.ts" path="C:\Users\38067\Documents\Dimass\algorithms-data-structures\Sorting\MergeSort\MergeSort.ts">
        <metrics statements="14" coveredstatements="14" conditionals="6" coveredconditionals="6" methods="2" coveredmethods="2"/>
        <line num="27" count="1" type="stmt"/>
        <line num="29" count="198" type="stmt"/>
        <line num="30" count="198" type="cond" truecount="2" falsecount="0"/>
        <line num="31" count="1087" type="cond" truecount="2" falsecount="0"/>
        <line num="32" count="531" type="stmt"/>
        <line num="35" count="556" type="stmt"/>
        <line num="38" count="198" type="stmt"/>
        <line num="41" count="399" type="cond" truecount="2" falsecount="0"/>
        <line num="42" count="201" type="stmt"/>
        <line num="43" count="198" type="stmt"/>
        <line num="44" count="198" type="stmt"/>
        <line num="45" count="198" type="stmt"/>
        <line num="46" count="198" type="stmt"/>
        <line num="48" count="1" type="stmt"/>
      </file>
    </package>
    <package name="Sorting.SelectionSort">
      <metrics statements="10" coveredstatements="10" conditionals="4" coveredconditionals="4" methods="1" coveredmethods="1"/>
      <file name="SelectionSort.ts" path="C:\Users\38067\Documents\Dimass\algorithms-data-structures\Sorting\SelectionSort\SelectionSort.ts">
        <metrics statements="10" coveredstatements="10" conditionals="4" coveredconditionals="4" methods="1" coveredmethods="1"/>
        <line num="19" count="1" type="stmt"/>
        <line num="21" count="3" type="stmt"/>
        <line num="22" count="200" type="stmt"/>
        <line num="23" count="200" type="stmt"/>
        <line num="24" count="9900" type="cond" truecount="2" falsecount="0"/>
        <line num="25" count="640" type="stmt"/>
        <line num="28" count="200" type="cond" truecount="2" falsecount="0"/>
        <line num="29" count="192" type="stmt"/>
        <line num="32" count="3" type="stmt"/>
        <line num="34" count="1" type="stmt"/>
      </file>
    </package>
  </project>
</coverage>
