{"/home/dmlt/repositories/dev-compendium/Algorithms/BoyerMooreVotingAlgorithm/BoyerMooreVoting.ts": {"path":"/home/dmlt/repositories/dev-compendium/Algorithms/BoyerMooreVotingAlgorithm/BoyerMooreVoting.ts","statementMap":{"0":{"start":{"line":11,"column":0},"end":{"line":11,"column":62}},"1":{"start":{"line":13,"column":20},"end":{"line":13,"column":27}},"2":{"start":{"line":14,"column":16},"end":{"line":14,"column":17}},"3":{"start":{"line":15,"column":4},"end":{"line":28,"column":5}},"4":{"start":{"line":15,"column":17},"end":{"line":15,"column":18}},"5":{"start":{"line":16,"column":8},"end":{"line":25,"column":9}},"6":{"start":{"line":17,"column":12},"end":{"line":17,"column":32}},"7":{"start":{"line":18,"column":12},"end":{"line":18,"column":22}},"8":{"start":{"line":20,"column":13},"end":{"line":25,"column":9}},"9":{"start":{"line":21,"column":12},"end":{"line":21,"column":20}},"10":{"start":{"line":24,"column":12},"end":{"line":24,"column":20}},"11":{"start":{"line":29,"column":4},"end":{"line":29,"column":21}},"12":{"start":{"line":31,"column":0},"end":{"line":31,"column":35}}},"fnMap":{"0":{"name":"boyerMooreVoting","decl":{"start":{"line":12,"column":9},"end":{"line":12,"column":25}},"loc":{"start":{"line":12,"column":32},"end":{"line":30,"column":1}},"line":12}},"branchMap":{"0":{"loc":{"start":{"line":16,"column":8},"end":{"line":25,"column":9}},"type":"if","locations":[{"start":{"line":16,"column":8},"end":{"line":25,"column":9}},{"start":{"line":20,"column":13},"end":{"line":25,"column":9}}],"line":16},"1":{"loc":{"start":{"line":20,"column":13},"end":{"line":25,"column":9}},"type":"if","locations":[{"start":{"line":20,"column":13},"end":{"line":25,"column":9}},{"start":{"line":23,"column":13},"end":{"line":25,"column":9}}],"line":20}},"s":{"0":1,"1":7,"2":7,"3":7,"4":7,"5":56,"6":6,"7":6,"8":50,"9":28,"10":22,"11":7,"12":1},"f":{"0":7},"b":{"0":[6,50],"1":[28,22]},"_coverageSchema":"1a1c01bbd47fc00a2c39e90264f33305004495a9","hash":"70e046797d29a9c6e8a5e29af9714a275188a67b"}
,"/home/dmlt/repositories/dev-compendium/Algorithms/Search/BinarySearch/BinarySearch.ts": {"path":"/home/dmlt/repositories/dev-compendium/Algorithms/Search/BinarySearch/BinarySearch.ts","statementMap":{"0":{"start":{"line":3,"column":0},"end":{"line":3,"column":62}},"1":{"start":{"line":5,"column":16},"end":{"line":5,"column":17}},"2":{"start":{"line":6,"column":14},"end":{"line":6,"column":36}},"3":{"start":{"line":7,"column":4},"end":{"line":18,"column":5}},"4":{"start":{"line":8,"column":21},"end":{"line":8,"column":50}},"5":{"start":{"line":9,"column":8},"end":{"line":17,"column":9}},"6":{"start":{"line":10,"column":12},"end":{"line":10,"column":26}},"7":{"start":{"line":12,"column":13},"end":{"line":17,"column":9}},"8":{"start":{"line":13,"column":12},"end":{"line":13,"column":31}},"9":{"start":{"line":16,"column":12},"end":{"line":16,"column":29}},"10":{"start":{"line":19,"column":4},"end":{"line":19,"column":14}},"11":{"start":{"line":21,"column":0},"end":{"line":21,"column":31}}},"fnMap":{"0":{"name":"BinarySearch","decl":{"start":{"line":4,"column":9},"end":{"line":4,"column":21}},"loc":{"start":{"line":4,"column":40},"end":{"line":20,"column":1}},"line":4}},"branchMap":{"0":{"loc":{"start":{"line":9,"column":8},"end":{"line":17,"column":9}},"type":"if","locations":[{"start":{"line":9,"column":8},"end":{"line":17,"column":9}},{"start":{"line":12,"column":13},"end":{"line":17,"column":9}}],"line":9},"1":{"loc":{"start":{"line":12,"column":13},"end":{"line":17,"column":9}},"type":"if","locations":[{"start":{"line":12,"column":13},"end":{"line":17,"column":9}},{"start":{"line":15,"column":13},"end":{"line":17,"column":9}}],"line":12}},"s":{"0":1,"1":21,"2":21,"3":21,"4":62,"5":62,"6":13,"7":49,"8":29,"9":20,"10":8,"11":1},"f":{"0":21},"b":{"0":[13,49],"1":[29,20]},"_coverageSchema":"1a1c01bbd47fc00a2c39e90264f33305004495a9","hash":"11e6c281708835bd069a05814e4d77357f1c5040"}
,"/home/dmlt/repositories/dev-compendium/Algorithms/Search/ExponentialSearch/ExponentialSearch.ts": {"path":"/home/dmlt/repositories/dev-compendium/Algorithms/Search/ExponentialSearch/ExponentialSearch.ts","statementMap":{"0":{"start":{"line":2,"column":0},"end":{"line":2,"column":62}},"1":{"start":{"line":8,"column":4},"end":{"line":10,"column":5}},"2":{"start":{"line":9,"column":8},"end":{"line":9,"column":17}},"3":{"start":{"line":11,"column":12},"end":{"line":11,"column":13}},"4":{"start":{"line":12,"column":4},"end":{"line":14,"column":5}},"5":{"start":{"line":13,"column":8},"end":{"line":13,"column":15}},"6":{"start":{"line":15,"column":4},"end":{"line":15,"column":70}},"7":{"start":{"line":17,"column":0},"end":{"line":17,"column":36}},"8":{"start":{"line":19,"column":4},"end":{"line":29,"column":5}},"9":{"start":{"line":20,"column":18},"end":{"line":20,"column":48}},"10":{"start":{"line":21,"column":8},"end":{"line":22,"column":23}},"11":{"start":{"line":22,"column":12},"end":{"line":22,"column":23}},"12":{"start":{"line":23,"column":8},"end":{"line":28,"column":9}},"13":{"start":{"line":24,"column":12},"end":{"line":24,"column":27}},"14":{"start":{"line":27,"column":12},"end":{"line":27,"column":28}},"15":{"start":{"line":30,"column":4},"end":{"line":30,"column":14}}},"fnMap":{"0":{"name":"ExponentialSearch","decl":{"start":{"line":7,"column":9},"end":{"line":7,"column":26}},"loc":{"start":{"line":7,"column":37},"end":{"line":16,"column":1}},"line":7},"1":{"name":"binarySearch","decl":{"start":{"line":18,"column":9},"end":{"line":18,"column":21}},"loc":{"start":{"line":18,"column":45},"end":{"line":31,"column":1}},"line":18}},"branchMap":{"0":{"loc":{"start":{"line":8,"column":4},"end":{"line":10,"column":5}},"type":"if","locations":[{"start":{"line":8,"column":4},"end":{"line":10,"column":5}},{"start":{},"end":{}}],"line":8},"1":{"loc":{"start":{"line":12,"column":11},"end":{"line":12,"column":42}},"type":"binary-expr","locations":[{"start":{"line":12,"column":11},"end":{"line":12,"column":25}},{"start":{"line":12,"column":29},"end":{"line":12,"column":42}}],"line":12},"2":{"loc":{"start":{"line":21,"column":8},"end":{"line":22,"column":23}},"type":"if","locations":[{"start":{"line":21,"column":8},"end":{"line":22,"column":23}},{"start":{},"end":{}}],"line":21},"3":{"loc":{"start":{"line":23,"column":8},"end":{"line":28,"column":9}},"type":"if","locations":[{"start":{"line":23,"column":8},"end":{"line":28,"column":9}},{"start":{"line":26,"column":13},"end":{"line":28,"column":9}}],"line":23}},"s":{"0":1,"1":10,"2":2,"3":8,"4":8,"5":16,"6":8,"7":1,"8":8,"9":16,"10":16,"11":4,"12":12,"13":6,"14":6,"15":4},"f":{"0":10,"1":8},"b":{"0":[2,8],"1":[24,21],"2":[4,12],"3":[6,6]},"_coverageSchema":"1a1c01bbd47fc00a2c39e90264f33305004495a9","hash":"b618deb29ef690ddb68b038340f4b5180d71694e"}
,"/home/dmlt/repositories/dev-compendium/Algorithms/Search/LinearSearch/LinearSearch.ts": {"path":"/home/dmlt/repositories/dev-compendium/Algorithms/Search/LinearSearch/LinearSearch.ts","statementMap":{"0":{"start":{"line":2,"column":0},"end":{"line":2,"column":62}},"1":{"start":{"line":4,"column":4},"end":{"line":8,"column":5}},"2":{"start":{"line":4,"column":17},"end":{"line":4,"column":18}},"3":{"start":{"line":5,"column":8},"end":{"line":7,"column":9}},"4":{"start":{"line":6,"column":12},"end":{"line":6,"column":21}},"5":{"start":{"line":9,"column":4},"end":{"line":9,"column":14}},"6":{"start":{"line":11,"column":0},"end":{"line":11,"column":31}}},"fnMap":{"0":{"name":"linearSearch","decl":{"start":{"line":3,"column":9},"end":{"line":3,"column":21}},"loc":{"start":{"line":3,"column":32},"end":{"line":10,"column":1}},"line":3}},"branchMap":{"0":{"loc":{"start":{"line":5,"column":8},"end":{"line":7,"column":9}},"type":"if","locations":[{"start":{"line":5,"column":8},"end":{"line":7,"column":9}},{"start":{},"end":{}}],"line":5}},"s":{"0":1,"1":10,"2":10,"3":457,"4":6,"5":4,"6":1},"f":{"0":10},"b":{"0":[6,451]},"_coverageSchema":"1a1c01bbd47fc00a2c39e90264f33305004495a9","hash":"06193b92452a8f670fa70ceeb3d48cdfa54d41a2"}
,"/home/dmlt/repositories/dev-compendium/Algorithms/Search/__solutions__/TwoCrystalBalls.ts": {"path":"/home/dmlt/repositories/dev-compendium/Algorithms/Search/__solutions__/TwoCrystalBalls.ts","statementMap":{"0":{"start":{"line":3,"column":0},"end":{"line":3,"column":62}},"1":{"start":{"line":5,"column":23},"end":{"line":5,"column":59}},"2":{"start":{"line":6,"column":12},"end":{"line":6,"column":22}},"3":{"start":{"line":7,"column":4},"end":{"line":11,"column":5}},"4":{"start":{"line":8,"column":8},"end":{"line":10,"column":9}},"5":{"start":{"line":9,"column":12},"end":{"line":9,"column":18}},"6":{"start":{"line":12,"column":4},"end":{"line":12,"column":20}},"7":{"start":{"line":13,"column":4},"end":{"line":17,"column":5}},"8":{"start":{"line":13,"column":17},"end":{"line":13,"column":18}},"9":{"start":{"line":14,"column":8},"end":{"line":16,"column":9}},"10":{"start":{"line":15,"column":12},"end":{"line":15,"column":21}},"11":{"start":{"line":18,"column":4},"end":{"line":18,"column":14}},"12":{"start":{"line":20,"column":0},"end":{"line":20,"column":35}}},"fnMap":{"0":{"name":"twoCrystallBalls","decl":{"start":{"line":4,"column":9},"end":{"line":4,"column":25}},"loc":{"start":{"line":4,"column":34},"end":{"line":19,"column":1}},"line":4}},"branchMap":{"0":{"loc":{"start":{"line":8,"column":8},"end":{"line":10,"column":9}},"type":"if","locations":[{"start":{"line":8,"column":8},"end":{"line":10,"column":9}},{"start":{},"end":{}}],"line":8},"1":{"loc":{"start":{"line":14,"column":8},"end":{"line":16,"column":9}},"type":"if","locations":[{"start":{"line":14,"column":8},"end":{"line":16,"column":9}},{"start":{},"end":{}}],"line":14}},"s":{"0":1,"1":3,"2":3,"3":3,"4":5,"5":2,"6":3,"7":3,"8":3,"9":6,"10":2,"11":1,"12":1},"f":{"0":3},"b":{"0":[2,3],"1":[2,4]},"_coverageSchema":"1a1c01bbd47fc00a2c39e90264f33305004495a9","hash":"f1db444c4de94525b45c29ecaf0a99914ea67b06"}
,"/home/dmlt/repositories/dev-compendium/Algorithms/Sorting/BubbleSort/BubbleSort.ts": {"path":"/home/dmlt/repositories/dev-compendium/Algorithms/Sorting/BubbleSort/BubbleSort.ts","statementMap":{"0":{"start":{"line":28,"column":0},"end":{"line":28,"column":62}},"1":{"start":{"line":30,"column":18},"end":{"line":30,"column":22}},"2":{"start":{"line":31,"column":4},"end":{"line":39,"column":5}},"3":{"start":{"line":32,"column":8},"end":{"line":32,"column":24}},"4":{"start":{"line":33,"column":8},"end":{"line":38,"column":9}},"5":{"start":{"line":33,"column":21},"end":{"line":33,"column":22}},"6":{"start":{"line":34,"column":12},"end":{"line":37,"column":13}},"7":{"start":{"line":35,"column":16},"end":{"line":35,"column":60}},"8":{"start":{"line":36,"column":16},"end":{"line":36,"column":31}},"9":{"start":{"line":40,"column":4},"end":{"line":40,"column":15}},"10":{"start":{"line":42,"column":0},"end":{"line":42,"column":29}}},"fnMap":{"0":{"name":"bubbleSort","decl":{"start":{"line":29,"column":9},"end":{"line":29,"column":19}},"loc":{"start":{"line":29,"column":25},"end":{"line":41,"column":1}},"line":29}},"branchMap":{"0":{"loc":{"start":{"line":34,"column":12},"end":{"line":37,"column":13}},"type":"if","locations":[{"start":{"line":34,"column":12},"end":{"line":37,"column":13}},{"start":{},"end":{}}],"line":34}},"s":{"0":1,"1":3,"2":3,"3":184,"4":184,"5":184,"6":18117,"7":4710,"8":4710,"9":3,"10":1},"f":{"0":3},"b":{"0":[4710,13407]},"_coverageSchema":"1a1c01bbd47fc00a2c39e90264f33305004495a9","hash":"243058f52c9ca979a2ebdc2cc640db52b2671ba9"}
,"/home/dmlt/repositories/dev-compendium/Algorithms/Sorting/InsertionSort/InsertionSort.ts": {"path":"/home/dmlt/repositories/dev-compendium/Algorithms/Sorting/InsertionSort/InsertionSort.ts","statementMap":{"0":{"start":{"line":28,"column":0},"end":{"line":28,"column":62}},"1":{"start":{"line":30,"column":4},"end":{"line":38,"column":5}},"2":{"start":{"line":30,"column":20},"end":{"line":30,"column":21}},"3":{"start":{"line":31,"column":20},"end":{"line":31,"column":29}},"4":{"start":{"line":32,"column":16},"end":{"line":32,"column":24}},"5":{"start":{"line":33,"column":8},"end":{"line":36,"column":9}},"6":{"start":{"line":34,"column":12},"end":{"line":34,"column":32}},"7":{"start":{"line":35,"column":12},"end":{"line":35,"column":22}},"8":{"start":{"line":37,"column":8},"end":{"line":37,"column":25}},"9":{"start":{"line":39,"column":4},"end":{"line":39,"column":15}},"10":{"start":{"line":41,"column":0},"end":{"line":41,"column":32}}},"fnMap":{"0":{"name":"insertionSort","decl":{"start":{"line":29,"column":9},"end":{"line":29,"column":22}},"loc":{"start":{"line":29,"column":28},"end":{"line":40,"column":1}},"line":29}},"branchMap":{"0":{"loc":{"start":{"line":33,"column":15},"end":{"line":33,"column":37}},"type":"binary-expr","locations":[{"start":{"line":33,"column":15},"end":{"line":33,"column":21}},{"start":{"line":33,"column":25},"end":{"line":33,"column":37}}],"line":33}},"s":{"0":1,"1":3,"2":3,"3":198,"4":198,"5":198,"6":4403,"7":4403,"8":198,"9":3,"10":1},"f":{"0":3},"b":{"0":[4601,4600]},"_coverageSchema":"1a1c01bbd47fc00a2c39e90264f33305004495a9","hash":"65e78233faa66aaed38626eb90c538744cb41a7f"}
,"/home/dmlt/repositories/dev-compendium/Algorithms/Sorting/MergeSort/MergeSort.ts": {"path":"/home/dmlt/repositories/dev-compendium/Algorithms/Sorting/MergeSort/MergeSort.ts","statementMap":{"0":{"start":{"line":27,"column":0},"end":{"line":27,"column":62}},"1":{"start":{"line":29,"column":20},"end":{"line":29,"column":22}},"2":{"start":{"line":30,"column":4},"end":{"line":37,"column":5}},"3":{"start":{"line":31,"column":8},"end":{"line":36,"column":9}},"4":{"start":{"line":32,"column":12},"end":{"line":32,"column":41}},"5":{"start":{"line":35,"column":12},"end":{"line":35,"column":42}},"6":{"start":{"line":38,"column":4},"end":{"line":38,"column":45}},"7":{"start":{"line":41,"column":4},"end":{"line":42,"column":19}},"8":{"start":{"line":42,"column":8},"end":{"line":42,"column":19}},"9":{"start":{"line":43,"column":14},"end":{"line":43,"column":40}},"10":{"start":{"line":44,"column":15},"end":{"line":44,"column":43}},"11":{"start":{"line":45,"column":16},"end":{"line":45,"column":41}},"12":{"start":{"line":46,"column":4},"end":{"line":46,"column":30}},"13":{"start":{"line":48,"column":0},"end":{"line":48,"column":28}}},"fnMap":{"0":{"name":"merge","decl":{"start":{"line":28,"column":9},"end":{"line":28,"column":14}},"loc":{"start":{"line":28,"column":28},"end":{"line":39,"column":1}},"line":28},"1":{"name":"mergeSort","decl":{"start":{"line":40,"column":9},"end":{"line":40,"column":18}},"loc":{"start":{"line":40,"column":24},"end":{"line":47,"column":1}},"line":40}},"branchMap":{"0":{"loc":{"start":{"line":30,"column":11},"end":{"line":30,"column":38}},"type":"binary-expr","locations":[{"start":{"line":30,"column":11},"end":{"line":30,"column":22}},{"start":{"line":30,"column":26},"end":{"line":30,"column":38}}],"line":30},"1":{"loc":{"start":{"line":31,"column":8},"end":{"line":36,"column":9}},"type":"if","locations":[{"start":{"line":31,"column":8},"end":{"line":36,"column":9}},{"start":{"line":34,"column":13},"end":{"line":36,"column":9}}],"line":31},"2":{"loc":{"start":{"line":41,"column":4},"end":{"line":42,"column":19}},"type":"if","locations":[{"start":{"line":41,"column":4},"end":{"line":42,"column":19}},{"start":{},"end":{}}],"line":41}},"s":{"0":1,"1":198,"2":198,"3":1090,"4":527,"5":563,"6":198,"7":399,"8":201,"9":198,"10":198,"11":198,"12":198,"13":1},"f":{"0":198,"1":399},"b":{"0":[1288,1185],"1":[527,563],"2":[201,198]},"_coverageSchema":"1a1c01bbd47fc00a2c39e90264f33305004495a9","hash":"94a5ef8a305da021bf19e1573ab383853b2778fb"}
,"/home/dmlt/repositories/dev-compendium/Algorithms/Sorting/SelectionSort/SelectionSort.ts": {"path":"/home/dmlt/repositories/dev-compendium/Algorithms/Sorting/SelectionSort/SelectionSort.ts","statementMap":{"0":{"start":{"line":19,"column":0},"end":{"line":19,"column":62}},"1":{"start":{"line":21,"column":4},"end":{"line":31,"column":5}},"2":{"start":{"line":21,"column":17},"end":{"line":21,"column":18}},"3":{"start":{"line":22,"column":21},"end":{"line":22,"column":22}},"4":{"start":{"line":23,"column":8},"end":{"line":27,"column":9}},"5":{"start":{"line":23,"column":21},"end":{"line":23,"column":26}},"6":{"start":{"line":24,"column":12},"end":{"line":26,"column":13}},"7":{"start":{"line":25,"column":16},"end":{"line":25,"column":27}},"8":{"start":{"line":28,"column":8},"end":{"line":30,"column":9}},"9":{"start":{"line":29,"column":12},"end":{"line":29,"column":58}},"10":{"start":{"line":32,"column":4},"end":{"line":32,"column":15}},"11":{"start":{"line":34,"column":0},"end":{"line":34,"column":32}}},"fnMap":{"0":{"name":"selectionSort","decl":{"start":{"line":20,"column":9},"end":{"line":20,"column":22}},"loc":{"start":{"line":20,"column":28},"end":{"line":33,"column":1}},"line":20}},"branchMap":{"0":{"loc":{"start":{"line":24,"column":12},"end":{"line":26,"column":13}},"type":"if","locations":[{"start":{"line":24,"column":12},"end":{"line":26,"column":13}},{"start":{},"end":{}}],"line":24},"1":{"loc":{"start":{"line":28,"column":8},"end":{"line":30,"column":9}},"type":"if","locations":[{"start":{"line":28,"column":8},"end":{"line":30,"column":9}},{"start":{},"end":{}}],"line":28}},"s":{"0":1,"1":3,"2":3,"3":200,"4":200,"5":200,"6":9900,"7":690,"8":200,"9":193,"10":3,"11":1},"f":{"0":3},"b":{"0":[690,9210],"1":[193,7]},"_coverageSchema":"1a1c01bbd47fc00a2c39e90264f33305004495a9","hash":"aea29b6c85eba73f7ed7dd9d2c722fc46c848519"}
,"/home/dmlt/repositories/dev-compendium/DataStructures/LinkedList/LinkedList.ts": {"path":"/home/dmlt/repositories/dev-compendium/DataStructures/LinkedList/LinkedList.ts","statementMap":{"0":{"start":{"line":2,"column":0},"end":{"line":2,"column":62}},"1":{"start":{"line":8,"column":8},"end":{"line":8,"column":27}},"2":{"start":{"line":9,"column":8},"end":{"line":9,"column":25}},"3":{"start":{"line":10,"column":8},"end":{"line":10,"column":25}},"4":{"start":{"line":18,"column":8},"end":{"line":18,"column":25}},"5":{"start":{"line":19,"column":8},"end":{"line":19,"column":25}},"6":{"start":{"line":20,"column":8},"end":{"line":20,"column":24}},"7":{"start":{"line":24,"column":24},"end":{"line":24,"column":43}},"8":{"start":{"line":25,"column":8},"end":{"line":32,"column":9}},"9":{"start":{"line":26,"column":12},"end":{"line":26,"column":32}},"10":{"start":{"line":27,"column":12},"end":{"line":27,"column":34}},"11":{"start":{"line":30,"column":12},"end":{"line":30,"column":32}},"12":{"start":{"line":31,"column":12},"end":{"line":31,"column":37}},"13":{"start":{"line":33,"column":8},"end":{"line":33,"column":22}},"14":{"start":{"line":34,"column":8},"end":{"line":34,"column":25}},"15":{"start":{"line":38,"column":8},"end":{"line":39,"column":29}},"16":{"start":{"line":39,"column":12},"end":{"line":39,"column":29}},"17":{"start":{"line":40,"column":8},"end":{"line":46,"column":9}},"18":{"start":{"line":41,"column":31},"end":{"line":41,"column":40}},"19":{"start":{"line":42,"column":12},"end":{"line":42,"column":29}},"20":{"start":{"line":43,"column":12},"end":{"line":43,"column":29}},"21":{"start":{"line":44,"column":12},"end":{"line":44,"column":28}},"22":{"start":{"line":45,"column":12},"end":{"line":45,"column":30}},"23":{"start":{"line":47,"column":22},"end":{"line":47,"column":31}},"24":{"start":{"line":47,"column":43},"end":{"line":47,"column":50}},"25":{"start":{"line":48,"column":8},"end":{"line":51,"column":9}},"26":{"start":{"line":49,"column":12},"end":{"line":49,"column":30}},"27":{"start":{"line":50,"column":12},"end":{"line":50,"column":35}},"28":{"start":{"line":52,"column":8},"end":{"line":52,"column":28}},"29":{"start":{"line":53,"column":8},"end":{"line":53,"column":30}},"30":{"start":{"line":54,"column":8},"end":{"line":54,"column":22}},"31":{"start":{"line":55,"column":8},"end":{"line":58,"column":9}},"32":{"start":{"line":56,"column":12},"end":{"line":56,"column":29}},"33":{"start":{"line":57,"column":12},"end":{"line":57,"column":29}},"34":{"start":{"line":59,"column":8},"end":{"line":59,"column":23}},"35":{"start":{"line":63,"column":8},"end":{"line":64,"column":29}},"36":{"start":{"line":64,"column":12},"end":{"line":64,"column":29}},"37":{"start":{"line":65,"column":22},"end":{"line":65,"column":31}},"38":{"start":{"line":66,"column":8},"end":{"line":66,"column":33}},"39":{"start":{"line":67,"column":8},"end":{"line":67,"column":22}},"40":{"start":{"line":68,"column":8},"end":{"line":70,"column":9}},"41":{"start":{"line":69,"column":12},"end":{"line":69,"column":29}},"42":{"start":{"line":71,"column":8},"end":{"line":71,"column":23}},"43":{"start":{"line":75,"column":22},"end":{"line":75,"column":41}},"44":{"start":{"line":76,"column":8},"end":{"line":79,"column":9}},"45":{"start":{"line":77,"column":12},"end":{"line":77,"column":32}},"46":{"start":{"line":78,"column":12},"end":{"line":78,"column":34}},"47":{"start":{"line":80,"column":8},"end":{"line":80,"column":33}},"48":{"start":{"line":81,"column":8},"end":{"line":81,"column":28}},"49":{"start":{"line":82,"column":8},"end":{"line":82,"column":22}},"50":{"start":{"line":83,"column":8},"end":{"line":83,"column":25}},"51":{"start":{"line":87,"column":8},"end":{"line":89,"column":9}},"52":{"start":{"line":88,"column":12},"end":{"line":88,"column":24}},"53":{"start":{"line":90,"column":22},"end":{"line":90,"column":23}},"54":{"start":{"line":91,"column":22},"end":{"line":91,"column":31}},"55":{"start":{"line":92,"column":8},"end":{"line":95,"column":9}},"56":{"start":{"line":93,"column":12},"end":{"line":93,"column":35}},"57":{"start":{"line":94,"column":12},"end":{"line":94,"column":22}},"58":{"start":{"line":96,"column":8},"end":{"line":96,"column":23}},"59":{"start":{"line":100,"column":26},"end":{"line":100,"column":41}},"60":{"start":{"line":101,"column":8},"end":{"line":104,"column":9}},"61":{"start":{"line":102,"column":12},"end":{"line":102,"column":36}},"62":{"start":{"line":103,"column":12},"end":{"line":103,"column":24}},"63":{"start":{"line":105,"column":8},"end":{"line":105,"column":21}},"64":{"start":{"line":109,"column":8},"end":{"line":110,"column":25}},"65":{"start":{"line":110,"column":12},"end":{"line":110,"column":25}},"66":{"start":{"line":111,"column":8},"end":{"line":112,"column":36}},"67":{"start":{"line":112,"column":12},"end":{"line":112,"column":36}},"68":{"start":{"line":113,"column":8},"end":{"line":114,"column":39}},"69":{"start":{"line":114,"column":12},"end":{"line":114,"column":39}},"70":{"start":{"line":115,"column":24},"end":{"line":115,"column":43}},"71":{"start":{"line":116,"column":21},"end":{"line":116,"column":40}},"72":{"start":{"line":117,"column":8},"end":{"line":126,"column":9}},"73":{"start":{"line":118,"column":25},"end":{"line":118,"column":34}},"74":{"start":{"line":119,"column":12},"end":{"line":119,"column":32}},"75":{"start":{"line":120,"column":12},"end":{"line":120,"column":32}},"76":{"start":{"line":121,"column":12},"end":{"line":121,"column":26}},"77":{"start":{"line":122,"column":12},"end":{"line":122,"column":24}},"78":{"start":{"line":125,"column":12},"end":{"line":125,"column":25}},"79":{"start":{"line":130,"column":8},"end":{"line":132,"column":9}},"80":{"start":{"line":131,"column":12},"end":{"line":131,"column":29}},"81":{"start":{"line":133,"column":19},"end":{"line":133,"column":28}},"82":{"start":{"line":134,"column":8},"end":{"line":134,"column":30}},"83":{"start":{"line":135,"column":8},"end":{"line":135,"column":25}},"84":{"start":{"line":137,"column":8},"end":{"line":142,"column":9}},"85":{"start":{"line":137,"column":21},"end":{"line":137,"column":22}},"86":{"start":{"line":138,"column":12},"end":{"line":138,"column":29}},"87":{"start":{"line":139,"column":12},"end":{"line":139,"column":29}},"88":{"start":{"line":140,"column":12},"end":{"line":140,"column":24}},"89":{"start":{"line":141,"column":12},"end":{"line":141,"column":24}},"90":{"start":{"line":143,"column":8},"end":{"line":143,"column":20}},"91":{"start":{"line":146,"column":0},"end":{"line":146,"column":29}}},"fnMap":{"0":{"name":"(anonymous_0)","decl":{"start":{"line":7,"column":4},"end":{"line":7,"column":5}},"loc":{"start":{"line":7,"column":23},"end":{"line":11,"column":5}},"line":7},"1":{"name":"(anonymous_1)","decl":{"start":{"line":17,"column":4},"end":{"line":17,"column":5}},"loc":{"start":{"line":17,"column":18},"end":{"line":21,"column":5}},"line":17},"2":{"name":"(anonymous_2)","decl":{"start":{"line":22,"column":4},"end":{"line":22,"column":5}},"loc":{"start":{"line":22,"column":16},"end":{"line":35,"column":5}},"line":22},"3":{"name":"(anonymous_3)","decl":{"start":{"line":36,"column":4},"end":{"line":36,"column":5}},"loc":{"start":{"line":36,"column":10},"end":{"line":60,"column":5}},"line":36},"4":{"name":"(anonymous_4)","decl":{"start":{"line":61,"column":4},"end":{"line":61,"column":5}},"loc":{"start":{"line":61,"column":12},"end":{"line":72,"column":5}},"line":61},"5":{"name":"(anonymous_5)","decl":{"start":{"line":73,"column":4},"end":{"line":73,"column":5}},"loc":{"start":{"line":73,"column":19},"end":{"line":84,"column":5}},"line":73},"6":{"name":"(anonymous_6)","decl":{"start":{"line":85,"column":4},"end":{"line":85,"column":5}},"loc":{"start":{"line":85,"column":15},"end":{"line":97,"column":5}},"line":85},"7":{"name":"(anonymous_7)","decl":{"start":{"line":98,"column":4},"end":{"line":98,"column":5}},"loc":{"start":{"line":98,"column":22},"end":{"line":106,"column":5}},"line":98},"8":{"name":"(anonymous_8)","decl":{"start":{"line":107,"column":4},"end":{"line":107,"column":5}},"loc":{"start":{"line":107,"column":25},"end":{"line":127,"column":5}},"line":107},"9":{"name":"(anonymous_9)","decl":{"start":{"line":128,"column":4},"end":{"line":128,"column":5}},"loc":{"start":{"line":128,"column":14},"end":{"line":144,"column":5}},"line":128}},"branchMap":{"0":{"loc":{"start":{"line":25,"column":8},"end":{"line":32,"column":9}},"type":"if","locations":[{"start":{"line":25,"column":8},"end":{"line":32,"column":9}},{"start":{"line":29,"column":13},"end":{"line":32,"column":9}}],"line":25},"1":{"loc":{"start":{"line":38,"column":8},"end":{"line":39,"column":29}},"type":"if","locations":[{"start":{"line":38,"column":8},"end":{"line":39,"column":29}},{"start":{},"end":{}}],"line":38},"2":{"loc":{"start":{"line":40,"column":8},"end":{"line":46,"column":9}},"type":"if","locations":[{"start":{"line":40,"column":8},"end":{"line":46,"column":9}},{"start":{},"end":{}}],"line":40},"3":{"loc":{"start":{"line":55,"column":8},"end":{"line":58,"column":9}},"type":"if","locations":[{"start":{"line":55,"column":8},"end":{"line":58,"column":9}},{"start":{},"end":{}}],"line":55},"4":{"loc":{"start":{"line":63,"column":8},"end":{"line":64,"column":29}},"type":"if","locations":[{"start":{"line":63,"column":8},"end":{"line":64,"column":29}},{"start":{},"end":{}}],"line":63},"5":{"loc":{"start":{"line":68,"column":8},"end":{"line":70,"column":9}},"type":"if","locations":[{"start":{"line":68,"column":8},"end":{"line":70,"column":9}},{"start":{},"end":{}}],"line":68},"6":{"loc":{"start":{"line":76,"column":8},"end":{"line":79,"column":9}},"type":"if","locations":[{"start":{"line":76,"column":8},"end":{"line":79,"column":9}},{"start":{},"end":{}}],"line":76},"7":{"loc":{"start":{"line":87,"column":8},"end":{"line":89,"column":9}},"type":"if","locations":[{"start":{"line":87,"column":8},"end":{"line":89,"column":9}},{"start":{},"end":{}}],"line":87},"8":{"loc":{"start":{"line":87,"column":12},"end":{"line":87,"column":45}},"type":"binary-expr","locations":[{"start":{"line":87,"column":12},"end":{"line":87,"column":21}},{"start":{"line":87,"column":25},"end":{"line":87,"column":45}}],"line":87},"9":{"loc":{"start":{"line":92,"column":15},"end":{"line":92,"column":58}},"type":"binary-expr","locations":[{"start":{"line":92,"column":15},"end":{"line":92,"column":38}},{"start":{"line":92,"column":42},"end":{"line":92,"column":58}}],"line":92},"10":{"loc":{"start":{"line":101,"column":8},"end":{"line":104,"column":9}},"type":"if","locations":[{"start":{"line":101,"column":8},"end":{"line":104,"column":9}},{"start":{},"end":{}}],"line":101},"11":{"loc":{"start":{"line":109,"column":8},"end":{"line":110,"column":25}},"type":"if","locations":[{"start":{"line":109,"column":8},"end":{"line":110,"column":25}},{"start":{},"end":{}}],"line":109},"12":{"loc":{"start":{"line":109,"column":12},"end":{"line":109,"column":44}},"type":"binary-expr","locations":[{"start":{"line":109,"column":12},"end":{"line":109,"column":21}},{"start":{"line":109,"column":25},"end":{"line":109,"column":44}}],"line":109},"13":{"loc":{"start":{"line":111,"column":8},"end":{"line":112,"column":36}},"type":"if","locations":[{"start":{"line":111,"column":8},"end":{"line":112,"column":36}},{"start":{},"end":{}}],"line":111},"14":{"loc":{"start":{"line":113,"column":8},"end":{"line":114,"column":39}},"type":"if","locations":[{"start":{"line":113,"column":8},"end":{"line":114,"column":39}},{"start":{},"end":{}}],"line":113},"15":{"loc":{"start":{"line":117,"column":8},"end":{"line":126,"column":9}},"type":"if","locations":[{"start":{"line":117,"column":8},"end":{"line":126,"column":9}},{"start":{"line":124,"column":13},"end":{"line":126,"column":9}}],"line":117},"16":{"loc":{"start":{"line":130,"column":8},"end":{"line":132,"column":9}},"type":"if","locations":[{"start":{"line":130,"column":8},"end":{"line":132,"column":9}},{"start":{},"end":{}}],"line":130}},"s":{"0":1,"1":5,"2":5,"3":5,"4":3,"5":3,"6":3,"7":5,"8":5,"9":2,"10":2,"11":3,"12":3,"13":5,"14":5,"15":1,"16":0,"17":1,"18":0,"19":0,"20":0,"21":0,"22":0,"23":1,"24":1,"25":1,"26":0,"27":0,"28":1,"29":1,"30":1,"31":1,"32":0,"33":0,"34":1,"35":0,"36":0,"37":0,"38":0,"39":0,"40":0,"41":0,"42":0,"43":0,"44":0,"45":0,"46":0,"47":0,"48":0,"49":0,"50":0,"51":0,"52":0,"53":0,"54":0,"55":0,"56":0,"57":0,"58":0,"59":0,"60":0,"61":0,"62":0,"63":0,"64":0,"65":0,"66":0,"67":0,"68":0,"69":0,"70":0,"71":0,"72":0,"73":0,"74":0,"75":0,"76":0,"77":0,"78":0,"79":0,"80":0,"81":0,"82":0,"83":0,"84":0,"85":0,"86":0,"87":0,"88":0,"89":0,"90":0,"91":1},"f":{"0":5,"1":3,"2":5,"3":1,"4":0,"5":0,"6":0,"7":0,"8":0,"9":0},"b":{"0":[2,3],"1":[0,1],"2":[0,1],"3":[0,1],"4":[0,0],"5":[0,0],"6":[0,0],"7":[0,0],"8":[0,0],"9":[0,0],"10":[0,0],"11":[0,0],"12":[0,0],"13":[0,0],"14":[0,0],"15":[0,0],"16":[0,0]},"_coverageSchema":"1a1c01bbd47fc00a2c39e90264f33305004495a9","hash":"ed2ae1ca351cea4dc94d19376be32374dd121d11"}
,"/home/dmlt/repositories/dev-compendium/DataStructures/Queue/Queue.ts": {"path":"/home/dmlt/repositories/dev-compendium/DataStructures/Queue/Queue.ts","statementMap":{"0":{"start":{"line":24,"column":0},"end":{"line":24,"column":62}},"1":{"start":{"line":30,"column":8},"end":{"line":30,"column":42}},"2":{"start":{"line":31,"column":8},"end":{"line":31,"column":24}},"3":{"start":{"line":34,"column":21},"end":{"line":34,"column":36}},"4":{"start":{"line":35,"column":8},"end":{"line":35,"column":22}},"5":{"start":{"line":36,"column":8},"end":{"line":39,"column":9}},"6":{"start":{"line":37,"column":12},"end":{"line":37,"column":52}},"7":{"start":{"line":38,"column":12},"end":{"line":38,"column":19}},"8":{"start":{"line":40,"column":8},"end":{"line":40,"column":30}},"9":{"start":{"line":41,"column":8},"end":{"line":41,"column":25}},"10":{"start":{"line":44,"column":8},"end":{"line":46,"column":9}},"11":{"start":{"line":45,"column":12},"end":{"line":45,"column":29}},"12":{"start":{"line":47,"column":8},"end":{"line":47,"column":22}},"13":{"start":{"line":48,"column":21},"end":{"line":48,"column":30}},"14":{"start":{"line":49,"column":8},"end":{"line":49,"column":35}},"15":{"start":{"line":50,"column":8},"end":{"line":50,"column":30}},"16":{"start":{"line":51,"column":8},"end":{"line":53,"column":9}},"17":{"start":{"line":52,"column":12},"end":{"line":52,"column":34}},"18":{"start":{"line":54,"column":8},"end":{"line":54,"column":26}},"19":{"start":{"line":57,"column":8},"end":{"line":57,"column":32}},"20":{"start":{"line":60,"column":8},"end":{"line":60,"column":33}},"21":{"start":{"line":63,"column":8},"end":{"line":63,"column":43}},"22":{"start":{"line":66,"column":0},"end":{"line":66,"column":24}}},"fnMap":{"0":{"name":"(anonymous_0)","decl":{"start":{"line":29,"column":4},"end":{"line":29,"column":5}},"loc":{"start":{"line":29,"column":18},"end":{"line":32,"column":5}},"line":29},"1":{"name":"(anonymous_1)","decl":{"start":{"line":33,"column":4},"end":{"line":33,"column":5}},"loc":{"start":{"line":33,"column":18},"end":{"line":42,"column":5}},"line":33},"2":{"name":"(anonymous_2)","decl":{"start":{"line":43,"column":4},"end":{"line":43,"column":5}},"loc":{"start":{"line":43,"column":14},"end":{"line":55,"column":5}},"line":43},"3":{"name":"(anonymous_3)","decl":{"start":{"line":56,"column":4},"end":{"line":56,"column":5}},"loc":{"start":{"line":56,"column":11},"end":{"line":58,"column":5}},"line":56},"4":{"name":"(anonymous_4)","decl":{"start":{"line":59,"column":4},"end":{"line":59,"column":5}},"loc":{"start":{"line":59,"column":18},"end":{"line":61,"column":5}},"line":59},"5":{"name":"(anonymous_5)","decl":{"start":{"line":62,"column":4},"end":{"line":62,"column":5}},"loc":{"start":{"line":62,"column":24},"end":{"line":64,"column":5}},"line":62}},"branchMap":{"0":{"loc":{"start":{"line":36,"column":8},"end":{"line":39,"column":9}},"type":"if","locations":[{"start":{"line":36,"column":8},"end":{"line":39,"column":9}},{"start":{},"end":{}}],"line":36},"1":{"loc":{"start":{"line":44,"column":8},"end":{"line":46,"column":9}},"type":"if","locations":[{"start":{"line":44,"column":8},"end":{"line":46,"column":9}},{"start":{},"end":{}}],"line":44},"2":{"loc":{"start":{"line":51,"column":8},"end":{"line":53,"column":9}},"type":"if","locations":[{"start":{"line":51,"column":8},"end":{"line":53,"column":9}},{"start":{},"end":{}}],"line":51}},"s":{"0":1,"1":5,"2":5,"3":11,"4":11,"5":11,"6":5,"7":5,"8":6,"9":6,"10":5,"11":1,"12":4,"13":4,"14":4,"15":4,"16":4,"17":1,"18":4,"19":3,"20":3,"21":6,"22":1},"f":{"0":5,"1":11,"2":5,"3":3,"4":3,"5":6},"b":{"0":[5,6],"1":[1,4],"2":[1,3]},"_coverageSchema":"1a1c01bbd47fc00a2c39e90264f33305004495a9","hash":"4a13d5da5e48027f904357b386f938638b371240"}
,"/home/dmlt/repositories/dev-compendium/DataStructures/Stack/Stack.ts": {"path":"/home/dmlt/repositories/dev-compendium/DataStructures/Stack/Stack.ts","statementMap":{"0":{"start":{"line":2,"column":0},"end":{"line":2,"column":62}},"1":{"start":{"line":7,"column":8},"end":{"line":7,"column":30}},"2":{"start":{"line":8,"column":8},"end":{"line":8,"column":24}},"3":{"start":{"line":11,"column":21},"end":{"line":11,"column":36}},"4":{"start":{"line":12,"column":8},"end":{"line":12,"column":22}},"5":{"start":{"line":13,"column":8},"end":{"line":16,"column":9}},"6":{"start":{"line":14,"column":12},"end":{"line":14,"column":29}},"7":{"start":{"line":15,"column":12},"end":{"line":15,"column":19}},"8":{"start":{"line":17,"column":8},"end":{"line":17,"column":30}},"9":{"start":{"line":18,"column":8},"end":{"line":18,"column":25}},"10":{"start":{"line":21,"column":8},"end":{"line":23,"column":9}},"11":{"start":{"line":22,"column":12},"end":{"line":22,"column":29}},"12":{"start":{"line":24,"column":28},"end":{"line":24,"column":43}},"13":{"start":{"line":25,"column":8},"end":{"line":25,"column":35}},"14":{"start":{"line":26,"column":8},"end":{"line":26,"column":22}},"15":{"start":{"line":27,"column":8},"end":{"line":27,"column":27}},"16":{"start":{"line":30,"column":8},"end":{"line":30,"column":32}},"17":{"start":{"line":33,"column":8},"end":{"line":33,"column":33}},"18":{"start":{"line":36,"column":0},"end":{"line":36,"column":24}}},"fnMap":{"0":{"name":"(anonymous_0)","decl":{"start":{"line":6,"column":4},"end":{"line":6,"column":5}},"loc":{"start":{"line":6,"column":18},"end":{"line":9,"column":5}},"line":6},"1":{"name":"(anonymous_1)","decl":{"start":{"line":10,"column":4},"end":{"line":10,"column":5}},"loc":{"start":{"line":10,"column":15},"end":{"line":19,"column":5}},"line":10},"2":{"name":"(anonymous_2)","decl":{"start":{"line":20,"column":4},"end":{"line":20,"column":5}},"loc":{"start":{"line":20,"column":10},"end":{"line":28,"column":5}},"line":20},"3":{"name":"(anonymous_3)","decl":{"start":{"line":29,"column":4},"end":{"line":29,"column":5}},"loc":{"start":{"line":29,"column":11},"end":{"line":31,"column":5}},"line":29},"4":{"name":"(anonymous_4)","decl":{"start":{"line":32,"column":4},"end":{"line":32,"column":5}},"loc":{"start":{"line":32,"column":14},"end":{"line":34,"column":5}},"line":32}},"branchMap":{"0":{"loc":{"start":{"line":13,"column":8},"end":{"line":16,"column":9}},"type":"if","locations":[{"start":{"line":13,"column":8},"end":{"line":16,"column":9}},{"start":{},"end":{}}],"line":13},"1":{"loc":{"start":{"line":21,"column":8},"end":{"line":23,"column":9}},"type":"if","locations":[{"start":{"line":21,"column":8},"end":{"line":23,"column":9}},{"start":{},"end":{}}],"line":21}},"s":{"0":1,"1":4,"2":4,"3":6,"4":6,"5":6,"6":3,"7":3,"8":3,"9":3,"10":4,"11":1,"12":3,"13":3,"14":3,"15":3,"16":6,"17":2,"18":1},"f":{"0":4,"1":6,"2":4,"3":6,"4":2},"b":{"0":[3,3],"1":[1,3]},"_coverageSchema":"1a1c01bbd47fc00a2c39e90264f33305004495a9","hash":"118481afbd9882ed2ae25058a2493787f71c57ed"}
}
