{"/home/dmlt/repositories/dev-compendium/Algorithms/BoyerMooreVotingAlgorithm/BoyerMooreVoting.ts": {"path":"/home/dmlt/repositories/dev-compendium/Algorithms/BoyerMooreVotingAlgorithm/BoyerMooreVoting.ts","statementMap":{"0":{"start":{"line":11,"column":0},"end":{"line":11,"column":62}},"1":{"start":{"line":13,"column":20},"end":{"line":13,"column":27}},"2":{"start":{"line":14,"column":16},"end":{"line":14,"column":17}},"3":{"start":{"line":15,"column":4},"end":{"line":28,"column":5}},"4":{"start":{"line":15,"column":17},"end":{"line":15,"column":18}},"5":{"start":{"line":16,"column":8},"end":{"line":25,"column":9}},"6":{"start":{"line":17,"column":12},"end":{"line":17,"column":32}},"7":{"start":{"line":18,"column":12},"end":{"line":18,"column":22}},"8":{"start":{"line":20,"column":13},"end":{"line":25,"column":9}},"9":{"start":{"line":21,"column":12},"end":{"line":21,"column":20}},"10":{"start":{"line":24,"column":12},"end":{"line":24,"column":20}},"11":{"start":{"line":29,"column":4},"end":{"line":29,"column":21}},"12":{"start":{"line":31,"column":0},"end":{"line":31,"column":35}}},"fnMap":{"0":{"name":"boyerMooreVoting","decl":{"start":{"line":12,"column":9},"end":{"line":12,"column":25}},"loc":{"start":{"line":12,"column":32},"end":{"line":30,"column":1}},"line":12}},"branchMap":{"0":{"loc":{"start":{"line":16,"column":8},"end":{"line":25,"column":9}},"type":"if","locations":[{"start":{"line":16,"column":8},"end":{"line":25,"column":9}},{"start":{"line":20,"column":13},"end":{"line":25,"column":9}}],"line":16},"1":{"loc":{"start":{"line":20,"column":13},"end":{"line":25,"column":9}},"type":"if","locations":[{"start":{"line":20,"column":13},"end":{"line":25,"column":9}},{"start":{"line":23,"column":13},"end":{"line":25,"column":9}}],"line":20}},"s":{"0":1,"1":7,"2":7,"3":7,"4":7,"5":56,"6":6,"7":6,"8":50,"9":28,"10":22,"11":7,"12":1},"f":{"0":7},"b":{"0":[6,50],"1":[28,22]},"_coverageSchema":"1a1c01bbd47fc00a2c39e90264f33305004495a9","hash":"70e046797d29a9c6e8a5e29af9714a275188a67b"}
,"/home/dmlt/repositories/dev-compendium/Algorithms/Search/BinarySearch/BinarySearch.ts": {"path":"/home/dmlt/repositories/dev-compendium/Algorithms/Search/BinarySearch/BinarySearch.ts","statementMap":{"0":{"start":{"line":3,"column":0},"end":{"line":3,"column":62}},"1":{"start":{"line":5,"column":16},"end":{"line":5,"column":17}},"2":{"start":{"line":6,"column":14},"end":{"line":6,"column":36}},"3":{"start":{"line":7,"column":4},"end":{"line":18,"column":5}},"4":{"start":{"line":8,"column":21},"end":{"line":8,"column":50}},"5":{"start":{"line":9,"column":8},"end":{"line":17,"column":9}},"6":{"start":{"line":10,"column":12},"end":{"line":10,"column":26}},"7":{"start":{"line":12,"column":13},"end":{"line":17,"column":9}},"8":{"start":{"line":13,"column":12},"end":{"line":13,"column":31}},"9":{"start":{"line":16,"column":12},"end":{"line":16,"column":29}},"10":{"start":{"line":19,"column":4},"end":{"line":19,"column":14}},"11":{"start":{"line":21,"column":0},"end":{"line":21,"column":31}}},"fnMap":{"0":{"name":"BinarySearch","decl":{"start":{"line":4,"column":9},"end":{"line":4,"column":21}},"loc":{"start":{"line":4,"column":40},"end":{"line":20,"column":1}},"line":4}},"branchMap":{"0":{"loc":{"start":{"line":9,"column":8},"end":{"line":17,"column":9}},"type":"if","locations":[{"start":{"line":9,"column":8},"end":{"line":17,"column":9}},{"start":{"line":12,"column":13},"end":{"line":17,"column":9}}],"line":9},"1":{"loc":{"start":{"line":12,"column":13},"end":{"line":17,"column":9}},"type":"if","locations":[{"start":{"line":12,"column":13},"end":{"line":17,"column":9}},{"start":{"line":15,"column":13},"end":{"line":17,"column":9}}],"line":12}},"s":{"0":1,"1":21,"2":21,"3":21,"4":62,"5":62,"6":13,"7":49,"8":29,"9":20,"10":8,"11":1},"f":{"0":21},"b":{"0":[13,49],"1":[29,20]},"_coverageSchema":"1a1c01bbd47fc00a2c39e90264f33305004495a9","hash":"11e6c281708835bd069a05814e4d77357f1c5040"}
,"/home/dmlt/repositories/dev-compendium/Algorithms/Search/ExponentialSearch/ExponentialSearch.ts": {"path":"/home/dmlt/repositories/dev-compendium/Algorithms/Search/ExponentialSearch/ExponentialSearch.ts","statementMap":{"0":{"start":{"line":2,"column":0},"end":{"line":2,"column":62}},"1":{"start":{"line":8,"column":4},"end":{"line":10,"column":5}},"2":{"start":{"line":9,"column":8},"end":{"line":9,"column":17}},"3":{"start":{"line":11,"column":12},"end":{"line":11,"column":13}},"4":{"start":{"line":12,"column":4},"end":{"line":14,"column":5}},"5":{"start":{"line":13,"column":8},"end":{"line":13,"column":15}},"6":{"start":{"line":15,"column":4},"end":{"line":15,"column":70}},"7":{"start":{"line":17,"column":0},"end":{"line":17,"column":36}},"8":{"start":{"line":19,"column":4},"end":{"line":29,"column":5}},"9":{"start":{"line":20,"column":18},"end":{"line":20,"column":48}},"10":{"start":{"line":21,"column":8},"end":{"line":22,"column":23}},"11":{"start":{"line":22,"column":12},"end":{"line":22,"column":23}},"12":{"start":{"line":23,"column":8},"end":{"line":28,"column":9}},"13":{"start":{"line":24,"column":12},"end":{"line":24,"column":27}},"14":{"start":{"line":27,"column":12},"end":{"line":27,"column":28}},"15":{"start":{"line":30,"column":4},"end":{"line":30,"column":14}}},"fnMap":{"0":{"name":"ExponentialSearch","decl":{"start":{"line":7,"column":9},"end":{"line":7,"column":26}},"loc":{"start":{"line":7,"column":37},"end":{"line":16,"column":1}},"line":7},"1":{"name":"binarySearch","decl":{"start":{"line":18,"column":9},"end":{"line":18,"column":21}},"loc":{"start":{"line":18,"column":45},"end":{"line":31,"column":1}},"line":18}},"branchMap":{"0":{"loc":{"start":{"line":8,"column":4},"end":{"line":10,"column":5}},"type":"if","locations":[{"start":{"line":8,"column":4},"end":{"line":10,"column":5}},{"start":{},"end":{}}],"line":8},"1":{"loc":{"start":{"line":12,"column":11},"end":{"line":12,"column":42}},"type":"binary-expr","locations":[{"start":{"line":12,"column":11},"end":{"line":12,"column":25}},{"start":{"line":12,"column":29},"end":{"line":12,"column":42}}],"line":12},"2":{"loc":{"start":{"line":21,"column":8},"end":{"line":22,"column":23}},"type":"if","locations":[{"start":{"line":21,"column":8},"end":{"line":22,"column":23}},{"start":{},"end":{}}],"line":21},"3":{"loc":{"start":{"line":23,"column":8},"end":{"line":28,"column":9}},"type":"if","locations":[{"start":{"line":23,"column":8},"end":{"line":28,"column":9}},{"start":{"line":26,"column":13},"end":{"line":28,"column":9}}],"line":23}},"s":{"0":1,"1":10,"2":2,"3":8,"4":8,"5":16,"6":8,"7":1,"8":8,"9":16,"10":16,"11":4,"12":12,"13":6,"14":6,"15":4},"f":{"0":10,"1":8},"b":{"0":[2,8],"1":[24,21],"2":[4,12],"3":[6,6]},"_coverageSchema":"1a1c01bbd47fc00a2c39e90264f33305004495a9","hash":"b618deb29ef690ddb68b038340f4b5180d71694e"}
,"/home/dmlt/repositories/dev-compendium/Algorithms/Search/LinearSearch/LinearSearch.ts": {"path":"/home/dmlt/repositories/dev-compendium/Algorithms/Search/LinearSearch/LinearSearch.ts","statementMap":{"0":{"start":{"line":2,"column":0},"end":{"line":2,"column":62}},"1":{"start":{"line":4,"column":4},"end":{"line":8,"column":5}},"2":{"start":{"line":4,"column":17},"end":{"line":4,"column":18}},"3":{"start":{"line":5,"column":8},"end":{"line":7,"column":9}},"4":{"start":{"line":6,"column":12},"end":{"line":6,"column":21}},"5":{"start":{"line":9,"column":4},"end":{"line":9,"column":14}},"6":{"start":{"line":11,"column":0},"end":{"line":11,"column":31}}},"fnMap":{"0":{"name":"linearSearch","decl":{"start":{"line":3,"column":9},"end":{"line":3,"column":21}},"loc":{"start":{"line":3,"column":32},"end":{"line":10,"column":1}},"line":3}},"branchMap":{"0":{"loc":{"start":{"line":5,"column":8},"end":{"line":7,"column":9}},"type":"if","locations":[{"start":{"line":5,"column":8},"end":{"line":7,"column":9}},{"start":{},"end":{}}],"line":5}},"s":{"0":1,"1":10,"2":10,"3":457,"4":6,"5":4,"6":1},"f":{"0":10},"b":{"0":[6,451]},"_coverageSchema":"1a1c01bbd47fc00a2c39e90264f33305004495a9","hash":"06193b92452a8f670fa70ceeb3d48cdfa54d41a2"}
,"/home/dmlt/repositories/dev-compendium/Algorithms/Search/__solutions__/TwoCrystalBalls.ts": {"path":"/home/dmlt/repositories/dev-compendium/Algorithms/Search/__solutions__/TwoCrystalBalls.ts","statementMap":{"0":{"start":{"line":3,"column":0},"end":{"line":3,"column":62}},"1":{"start":{"line":5,"column":23},"end":{"line":5,"column":59}},"2":{"start":{"line":6,"column":12},"end":{"line":6,"column":22}},"3":{"start":{"line":7,"column":4},"end":{"line":11,"column":5}},"4":{"start":{"line":8,"column":8},"end":{"line":10,"column":9}},"5":{"start":{"line":9,"column":12},"end":{"line":9,"column":18}},"6":{"start":{"line":12,"column":4},"end":{"line":12,"column":20}},"7":{"start":{"line":13,"column":4},"end":{"line":17,"column":5}},"8":{"start":{"line":13,"column":17},"end":{"line":13,"column":18}},"9":{"start":{"line":14,"column":8},"end":{"line":16,"column":9}},"10":{"start":{"line":15,"column":12},"end":{"line":15,"column":21}},"11":{"start":{"line":18,"column":4},"end":{"line":18,"column":14}},"12":{"start":{"line":20,"column":0},"end":{"line":20,"column":35}}},"fnMap":{"0":{"name":"twoCrystallBalls","decl":{"start":{"line":4,"column":9},"end":{"line":4,"column":25}},"loc":{"start":{"line":4,"column":34},"end":{"line":19,"column":1}},"line":4}},"branchMap":{"0":{"loc":{"start":{"line":8,"column":8},"end":{"line":10,"column":9}},"type":"if","locations":[{"start":{"line":8,"column":8},"end":{"line":10,"column":9}},{"start":{},"end":{}}],"line":8},"1":{"loc":{"start":{"line":14,"column":8},"end":{"line":16,"column":9}},"type":"if","locations":[{"start":{"line":14,"column":8},"end":{"line":16,"column":9}},{"start":{},"end":{}}],"line":14}},"s":{"0":1,"1":3,"2":3,"3":3,"4":5,"5":2,"6":3,"7":3,"8":3,"9":6,"10":2,"11":1,"12":1},"f":{"0":3},"b":{"0":[2,3],"1":[2,4]},"_coverageSchema":"1a1c01bbd47fc00a2c39e90264f33305004495a9","hash":"f1db444c4de94525b45c29ecaf0a99914ea67b06"}
,"/home/dmlt/repositories/dev-compendium/Algorithms/Sorting/BubbleSort/BubbleSort.ts": {"path":"/home/dmlt/repositories/dev-compendium/Algorithms/Sorting/BubbleSort/BubbleSort.ts","statementMap":{"0":{"start":{"line":28,"column":0},"end":{"line":28,"column":62}},"1":{"start":{"line":30,"column":18},"end":{"line":30,"column":22}},"2":{"start":{"line":31,"column":4},"end":{"line":39,"column":5}},"3":{"start":{"line":32,"column":8},"end":{"line":32,"column":24}},"4":{"start":{"line":33,"column":8},"end":{"line":38,"column":9}},"5":{"start":{"line":33,"column":21},"end":{"line":33,"column":22}},"6":{"start":{"line":34,"column":12},"end":{"line":37,"column":13}},"7":{"start":{"line":35,"column":16},"end":{"line":35,"column":60}},"8":{"start":{"line":36,"column":16},"end":{"line":36,"column":31}},"9":{"start":{"line":40,"column":4},"end":{"line":40,"column":15}},"10":{"start":{"line":42,"column":0},"end":{"line":42,"column":29}}},"fnMap":{"0":{"name":"bubbleSort","decl":{"start":{"line":29,"column":9},"end":{"line":29,"column":19}},"loc":{"start":{"line":29,"column":25},"end":{"line":41,"column":1}},"line":29}},"branchMap":{"0":{"loc":{"start":{"line":34,"column":12},"end":{"line":37,"column":13}},"type":"if","locations":[{"start":{"line":34,"column":12},"end":{"line":37,"column":13}},{"start":{},"end":{}}],"line":34}},"s":{"0":1,"1":3,"2":3,"3":188,"4":188,"5":188,"6":18513,"7":4895,"8":4895,"9":3,"10":1},"f":{"0":3},"b":{"0":[4895,13618]},"_coverageSchema":"1a1c01bbd47fc00a2c39e90264f33305004495a9","hash":"243058f52c9ca979a2ebdc2cc640db52b2671ba9"}
,"/home/dmlt/repositories/dev-compendium/Algorithms/Sorting/InsertionSort/InsertionSort.ts": {"path":"/home/dmlt/repositories/dev-compendium/Algorithms/Sorting/InsertionSort/InsertionSort.ts","statementMap":{"0":{"start":{"line":28,"column":0},"end":{"line":28,"column":62}},"1":{"start":{"line":30,"column":4},"end":{"line":38,"column":5}},"2":{"start":{"line":30,"column":20},"end":{"line":30,"column":21}},"3":{"start":{"line":31,"column":20},"end":{"line":31,"column":29}},"4":{"start":{"line":32,"column":16},"end":{"line":32,"column":24}},"5":{"start":{"line":33,"column":8},"end":{"line":36,"column":9}},"6":{"start":{"line":34,"column":12},"end":{"line":34,"column":32}},"7":{"start":{"line":35,"column":12},"end":{"line":35,"column":22}},"8":{"start":{"line":37,"column":8},"end":{"line":37,"column":25}},"9":{"start":{"line":39,"column":4},"end":{"line":39,"column":15}},"10":{"start":{"line":41,"column":0},"end":{"line":41,"column":32}}},"fnMap":{"0":{"name":"insertionSort","decl":{"start":{"line":29,"column":9},"end":{"line":29,"column":22}},"loc":{"start":{"line":29,"column":28},"end":{"line":40,"column":1}},"line":29}},"branchMap":{"0":{"loc":{"start":{"line":33,"column":15},"end":{"line":33,"column":37}},"type":"binary-expr","locations":[{"start":{"line":33,"column":15},"end":{"line":33,"column":21}},{"start":{"line":33,"column":25},"end":{"line":33,"column":37}}],"line":33}},"s":{"0":1,"1":3,"2":3,"3":198,"4":198,"5":198,"6":4879,"7":4879,"8":198,"9":3,"10":1},"f":{"0":3},"b":{"0":[5077,5076]},"_coverageSchema":"1a1c01bbd47fc00a2c39e90264f33305004495a9","hash":"65e78233faa66aaed38626eb90c538744cb41a7f"}
,"/home/dmlt/repositories/dev-compendium/Algorithms/Sorting/MergeSort/MergeSort.ts": {"path":"/home/dmlt/repositories/dev-compendium/Algorithms/Sorting/MergeSort/MergeSort.ts","statementMap":{"0":{"start":{"line":27,"column":0},"end":{"line":27,"column":62}},"1":{"start":{"line":29,"column":20},"end":{"line":29,"column":22}},"2":{"start":{"line":30,"column":4},"end":{"line":37,"column":5}},"3":{"start":{"line":31,"column":8},"end":{"line":36,"column":9}},"4":{"start":{"line":32,"column":12},"end":{"line":32,"column":41}},"5":{"start":{"line":35,"column":12},"end":{"line":35,"column":42}},"6":{"start":{"line":38,"column":4},"end":{"line":38,"column":45}},"7":{"start":{"line":41,"column":4},"end":{"line":42,"column":19}},"8":{"start":{"line":42,"column":8},"end":{"line":42,"column":19}},"9":{"start":{"line":43,"column":14},"end":{"line":43,"column":40}},"10":{"start":{"line":44,"column":15},"end":{"line":44,"column":43}},"11":{"start":{"line":45,"column":16},"end":{"line":45,"column":41}},"12":{"start":{"line":46,"column":4},"end":{"line":46,"column":30}},"13":{"start":{"line":48,"column":0},"end":{"line":48,"column":28}}},"fnMap":{"0":{"name":"merge","decl":{"start":{"line":28,"column":9},"end":{"line":28,"column":14}},"loc":{"start":{"line":28,"column":28},"end":{"line":39,"column":1}},"line":28},"1":{"name":"mergeSort","decl":{"start":{"line":40,"column":9},"end":{"line":40,"column":18}},"loc":{"start":{"line":40,"column":24},"end":{"line":47,"column":1}},"line":40}},"branchMap":{"0":{"loc":{"start":{"line":30,"column":11},"end":{"line":30,"column":38}},"type":"binary-expr","locations":[{"start":{"line":30,"column":11},"end":{"line":30,"column":22}},{"start":{"line":30,"column":26},"end":{"line":30,"column":38}}],"line":30},"1":{"loc":{"start":{"line":31,"column":8},"end":{"line":36,"column":9}},"type":"if","locations":[{"start":{"line":31,"column":8},"end":{"line":36,"column":9}},{"start":{"line":34,"column":13},"end":{"line":36,"column":9}}],"line":31},"2":{"loc":{"start":{"line":41,"column":4},"end":{"line":42,"column":19}},"type":"if","locations":[{"start":{"line":41,"column":4},"end":{"line":42,"column":19}},{"start":{},"end":{}}],"line":41}},"s":{"0":1,"1":198,"2":198,"3":1087,"4":520,"5":567,"6":198,"7":399,"8":201,"9":198,"10":198,"11":198,"12":198,"13":1},"f":{"0":198,"1":399},"b":{"0":[1285,1185],"1":[520,567],"2":[201,198]},"_coverageSchema":"1a1c01bbd47fc00a2c39e90264f33305004495a9","hash":"94a5ef8a305da021bf19e1573ab383853b2778fb"}
,"/home/dmlt/repositories/dev-compendium/Algorithms/Sorting/SelectionSort/SelectionSort.ts": {"path":"/home/dmlt/repositories/dev-compendium/Algorithms/Sorting/SelectionSort/SelectionSort.ts","statementMap":{"0":{"start":{"line":19,"column":0},"end":{"line":19,"column":62}},"1":{"start":{"line":21,"column":4},"end":{"line":31,"column":5}},"2":{"start":{"line":21,"column":17},"end":{"line":21,"column":18}},"3":{"start":{"line":22,"column":21},"end":{"line":22,"column":22}},"4":{"start":{"line":23,"column":8},"end":{"line":27,"column":9}},"5":{"start":{"line":23,"column":21},"end":{"line":23,"column":26}},"6":{"start":{"line":24,"column":12},"end":{"line":26,"column":13}},"7":{"start":{"line":25,"column":16},"end":{"line":25,"column":27}},"8":{"start":{"line":28,"column":8},"end":{"line":30,"column":9}},"9":{"start":{"line":29,"column":12},"end":{"line":29,"column":58}},"10":{"start":{"line":32,"column":4},"end":{"line":32,"column":15}},"11":{"start":{"line":34,"column":0},"end":{"line":34,"column":32}}},"fnMap":{"0":{"name":"selectionSort","decl":{"start":{"line":20,"column":9},"end":{"line":20,"column":22}},"loc":{"start":{"line":20,"column":28},"end":{"line":33,"column":1}},"line":20}},"branchMap":{"0":{"loc":{"start":{"line":24,"column":12},"end":{"line":26,"column":13}},"type":"if","locations":[{"start":{"line":24,"column":12},"end":{"line":26,"column":13}},{"start":{},"end":{}}],"line":24},"1":{"loc":{"start":{"line":28,"column":8},"end":{"line":30,"column":9}},"type":"if","locations":[{"start":{"line":28,"column":8},"end":{"line":30,"column":9}},{"start":{},"end":{}}],"line":28}},"s":{"0":1,"1":3,"2":3,"3":200,"4":200,"5":200,"6":9900,"7":630,"8":200,"9":189,"10":3,"11":1},"f":{"0":3},"b":{"0":[630,9270],"1":[189,11]},"_coverageSchema":"1a1c01bbd47fc00a2c39e90264f33305004495a9","hash":"aea29b6c85eba73f7ed7dd9d2c722fc46c848519"}
,"/home/dmlt/repositories/dev-compendium/DataStructures/LinkedList/LinkedList.ts": {"path":"/home/dmlt/repositories/dev-compendium/DataStructures/LinkedList/LinkedList.ts","statementMap":{"0":{"start":{"line":2,"column":0},"end":{"line":2,"column":62}},"1":{"start":{"line":4,"column":4},"end":{"line":4,"column":25}},"2":{"start":{"line":7,"column":4},"end":{"line":7,"column":30}},"3":{"start":{"line":10,"column":4},"end":{"line":10,"column":30}},"4":{"start":{"line":13,"column":4},"end":{"line":13,"column":52}},"5":{"start":{"line":20,"column":8},"end":{"line":20,"column":25}},"6":{"start":{"line":21,"column":8},"end":{"line":21,"column":25}},"7":{"start":{"line":22,"column":8},"end":{"line":22,"column":24}},"8":{"start":{"line":25,"column":28},"end":{"line":25,"column":61}},"9":{"start":{"line":26,"column":8},"end":{"line":38,"column":9}},"10":{"start":{"line":28,"column":16},"end":{"line":28,"column":40}},"11":{"start":{"line":29,"column":16},"end":{"line":29,"column":40}},"12":{"start":{"line":30,"column":16},"end":{"line":30,"column":22}},"13":{"start":{"line":32,"column":16},"end":{"line":36,"column":17}},"14":{"start":{"line":33,"column":20},"end":{"line":33,"column":49}},"15":{"start":{"line":34,"column":20},"end":{"line":34,"column":49}},"16":{"start":{"line":35,"column":20},"end":{"line":35,"column":44}},"17":{"start":{"line":37,"column":16},"end":{"line":37,"column":22}},"18":{"start":{"line":39,"column":8},"end":{"line":39,"column":22}},"19":{"start":{"line":40,"column":8},"end":{"line":40,"column":27}},"20":{"start":{"line":43,"column":28},"end":{"line":43,"column":61}},"21":{"start":{"line":44,"column":8},"end":{"line":56,"column":9}},"22":{"start":{"line":46,"column":16},"end":{"line":46,"column":40}},"23":{"start":{"line":47,"column":16},"end":{"line":47,"column":40}},"24":{"start":{"line":48,"column":16},"end":{"line":48,"column":22}},"25":{"start":{"line":50,"column":16},"end":{"line":54,"column":17}},"26":{"start":{"line":51,"column":20},"end":{"line":51,"column":49}},"27":{"start":{"line":52,"column":20},"end":{"line":52,"column":49}},"28":{"start":{"line":53,"column":20},"end":{"line":53,"column":44}},"29":{"start":{"line":55,"column":16},"end":{"line":55,"column":22}},"30":{"start":{"line":57,"column":8},"end":{"line":57,"column":22}},"31":{"start":{"line":58,"column":8},"end":{"line":58,"column":27}},"32":{"start":{"line":61,"column":8},"end":{"line":81,"column":24}},"33":{"start":{"line":62,"column":31},"end":{"line":62,"column":40}},"34":{"start":{"line":63,"column":12},"end":{"line":63,"column":26}},"35":{"start":{"line":64,"column":12},"end":{"line":77,"column":13}},"36":{"start":{"line":66,"column":20},"end":{"line":66,"column":37}},"37":{"start":{"line":67,"column":20},"end":{"line":67,"column":37}},"38":{"start":{"line":68,"column":20},"end":{"line":68,"column":26}},"39":{"start":{"line":70,"column":20},"end":{"line":70,"column":48}},"40":{"start":{"line":71,"column":20},"end":{"line":73,"column":21}},"41":{"start":{"line":72,"column":24},"end":{"line":72,"column":46}},"42":{"start":{"line":74,"column":20},"end":{"line":74,"column":43}},"43":{"start":{"line":75,"column":20},"end":{"line":75,"column":43}},"44":{"start":{"line":76,"column":20},"end":{"line":76,"column":26}},"45":{"start":{"line":78,"column":12},"end":{"line":78,"column":30}},"46":{"start":{"line":81,"column":12},"end":{"line":81,"column":24}},"47":{"start":{"line":84,"column":8},"end":{"line":104,"column":24}},"48":{"start":{"line":85,"column":31},"end":{"line":85,"column":40}},"49":{"start":{"line":86,"column":12},"end":{"line":86,"column":26}},"50":{"start":{"line":87,"column":12},"end":{"line":100,"column":13}},"51":{"start":{"line":89,"column":20},"end":{"line":89,"column":37}},"52":{"start":{"line":90,"column":20},"end":{"line":90,"column":37}},"53":{"start":{"line":91,"column":20},"end":{"line":91,"column":26}},"54":{"start":{"line":93,"column":20},"end":{"line":93,"column":48}},"55":{"start":{"line":94,"column":20},"end":{"line":96,"column":21}},"56":{"start":{"line":95,"column":24},"end":{"line":95,"column":46}},"57":{"start":{"line":97,"column":20},"end":{"line":97,"column":43}},"58":{"start":{"line":98,"column":20},"end":{"line":98,"column":43}},"59":{"start":{"line":99,"column":20},"end":{"line":99,"column":26}},"60":{"start":{"line":101,"column":12},"end":{"line":101,"column":30}},"61":{"start":{"line":104,"column":12},"end":{"line":104,"column":24}},"62":{"start":{"line":107,"column":8},"end":{"line":107,"column":25}},"63":{"start":{"line":110,"column":8},"end":{"line":110,"column":25}},"64":{"start":{"line":113,"column":8},"end":{"line":125,"column":9}},"65":{"start":{"line":116,"column":16},"end":{"line":116,"column":28}},"66":{"start":{"line":118,"column":27},"end":{"line":118,"column":36}},"67":{"start":{"line":119,"column":16},"end":{"line":122,"column":17}},"68":{"start":{"line":120,"column":20},"end":{"line":120,"column":68}},"69":{"start":{"line":121,"column":20},"end":{"line":121,"column":37}},"70":{"start":{"line":123,"column":16},"end":{"line":123,"column":64}},"71":{"start":{"line":124,"column":16},"end":{"line":124,"column":22}},"72":{"start":{"line":126,"column":8},"end":{"line":126,"column":20}},"73":{"start":{"line":129,"column":0},"end":{"line":129,"column":29}},"74":{"start":{"line":131,"column":15},"end":{"line":131,"column":31}},"75":{"start":{"line":132,"column":4},"end":{"line":134,"column":5}},"76":{"start":{"line":132,"column":17},"end":{"line":132,"column":18}},"77":{"start":{"line":133,"column":8},"end":{"line":133,"column":35}},"78":{"start":{"line":135,"column":4},"end":{"line":135,"column":14}},"79":{"start":{"line":138,"column":15},"end":{"line":138,"column":29}},"80":{"start":{"line":139,"column":4},"end":{"line":142,"column":5}},"81":{"start":{"line":140,"column":8},"end":{"line":140,"column":32}},"82":{"start":{"line":141,"column":8},"end":{"line":141,"column":25}},"83":{"start":{"line":145,"column":15},"end":{"line":145,"column":29}},"84":{"start":{"line":146,"column":4},"end":{"line":149,"column":5}},"85":{"start":{"line":147,"column":8},"end":{"line":147,"column":32}},"86":{"start":{"line":148,"column":8},"end":{"line":148,"column":25}}},"fnMap":{"0":{"name":"assertNode","decl":{"start":{"line":3,"column":9},"end":{"line":3,"column":19}},"loc":{"start":{"line":3,"column":26},"end":{"line":5,"column":1}},"line":3},"1":{"name":"assertHeadNode","decl":{"start":{"line":6,"column":9},"end":{"line":6,"column":23}},"loc":{"start":{"line":6,"column":30},"end":{"line":8,"column":1}},"line":6},"2":{"name":"assertTailNode","decl":{"start":{"line":9,"column":9},"end":{"line":9,"column":23}},"loc":{"start":{"line":9,"column":30},"end":{"line":11,"column":1}},"line":9},"3":{"name":"assertInnerNode","decl":{"start":{"line":12,"column":9},"end":{"line":12,"column":24}},"loc":{"start":{"line":12,"column":31},"end":{"line":14,"column":1}},"line":12},"4":{"name":"(anonymous_4)","decl":{"start":{"line":19,"column":4},"end":{"line":19,"column":5}},"loc":{"start":{"line":19,"column":18},"end":{"line":23,"column":5}},"line":19},"5":{"name":"(anonymous_5)","decl":{"start":{"line":24,"column":4},"end":{"line":24,"column":5}},"loc":{"start":{"line":24,"column":24},"end":{"line":41,"column":5}},"line":24},"6":{"name":"(anonymous_6)","decl":{"start":{"line":42,"column":4},"end":{"line":42,"column":5}},"loc":{"start":{"line":42,"column":24},"end":{"line":59,"column":5}},"line":42},"7":{"name":"(anonymous_7)","decl":{"start":{"line":60,"column":4},"end":{"line":60,"column":5}},"loc":{"start":{"line":60,"column":10},"end":{"line":82,"column":5}},"line":60},"8":{"name":"(anonymous_8)","decl":{"start":{"line":83,"column":4},"end":{"line":83,"column":5}},"loc":{"start":{"line":83,"column":12},"end":{"line":105,"column":5}},"line":83},"9":{"name":"(anonymous_9)","decl":{"start":{"line":106,"column":4},"end":{"line":106,"column":5}},"loc":{"start":{"line":106,"column":14},"end":{"line":108,"column":5}},"line":106},"10":{"name":"(anonymous_10)","decl":{"start":{"line":109,"column":4},"end":{"line":109,"column":5}},"loc":{"start":{"line":109,"column":14},"end":{"line":111,"column":5}},"line":109},"11":{"name":"(anonymous_11)","decl":{"start":{"line":112,"column":4},"end":{"line":112,"column":5}},"loc":{"start":{"line":112,"column":14},"end":{"line":127,"column":5}},"line":112},"12":{"name":"ListFromValues","decl":{"start":{"line":130,"column":9},"end":{"line":130,"column":23}},"loc":{"start":{"line":130,"column":35},"end":{"line":136,"column":1}},"line":130},"13":{"name":"printLinkedList","decl":{"start":{"line":137,"column":9},"end":{"line":137,"column":24}},"loc":{"start":{"line":137,"column":31},"end":{"line":143,"column":1}},"line":137},"14":{"name":"printLinkedListInReverse","decl":{"start":{"line":144,"column":9},"end":{"line":144,"column":33}},"loc":{"start":{"line":144,"column":40},"end":{"line":150,"column":1}},"line":144}},"branchMap":{"0":{"loc":{"start":{"line":13,"column":11},"end":{"line":13,"column":51}},"type":"binary-expr","locations":[{"start":{"line":13,"column":11},"end":{"line":13,"column":29}},{"start":{"line":13,"column":33},"end":{"line":13,"column":51}}],"line":13},"1":{"loc":{"start":{"line":26,"column":8},"end":{"line":38,"column":9}},"type":"switch","locations":[{"start":{"line":27,"column":12},"end":{"line":30,"column":22}},{"start":{"line":31,"column":12},"end":{"line":37,"column":22}}],"line":26},"2":{"loc":{"start":{"line":32,"column":16},"end":{"line":36,"column":17}},"type":"if","locations":[{"start":{"line":32,"column":16},"end":{"line":36,"column":17}},{"start":{},"end":{}}],"line":32},"3":{"loc":{"start":{"line":44,"column":8},"end":{"line":56,"column":9}},"type":"switch","locations":[{"start":{"line":45,"column":12},"end":{"line":48,"column":22}},{"start":{"line":49,"column":12},"end":{"line":55,"column":22}}],"line":44},"4":{"loc":{"start":{"line":50,"column":16},"end":{"line":54,"column":17}},"type":"if","locations":[{"start":{"line":50,"column":16},"end":{"line":54,"column":17}},{"start":{},"end":{}}],"line":50},"5":{"loc":{"start":{"line":61,"column":8},"end":{"line":81,"column":24}},"type":"if","locations":[{"start":{"line":61,"column":8},"end":{"line":81,"column":24}},{"start":{"line":81,"column":12},"end":{"line":81,"column":24}}],"line":61},"6":{"loc":{"start":{"line":64,"column":12},"end":{"line":77,"column":13}},"type":"switch","locations":[{"start":{"line":65,"column":16},"end":{"line":68,"column":26}},{"start":{"line":69,"column":16},"end":{"line":76,"column":26}}],"line":64},"7":{"loc":{"start":{"line":71,"column":20},"end":{"line":73,"column":21}},"type":"if","locations":[{"start":{"line":71,"column":20},"end":{"line":73,"column":21}},{"start":{},"end":{}}],"line":71},"8":{"loc":{"start":{"line":84,"column":8},"end":{"line":104,"column":24}},"type":"if","locations":[{"start":{"line":84,"column":8},"end":{"line":104,"column":24}},{"start":{"line":104,"column":12},"end":{"line":104,"column":24}}],"line":84},"9":{"loc":{"start":{"line":87,"column":12},"end":{"line":100,"column":13}},"type":"switch","locations":[{"start":{"line":88,"column":16},"end":{"line":91,"column":26}},{"start":{"line":92,"column":16},"end":{"line":99,"column":26}}],"line":87},"10":{"loc":{"start":{"line":94,"column":20},"end":{"line":96,"column":21}},"type":"if","locations":[{"start":{"line":94,"column":20},"end":{"line":96,"column":21}},{"start":{},"end":{}}],"line":94},"11":{"loc":{"start":{"line":113,"column":8},"end":{"line":125,"column":9}},"type":"switch","locations":[{"start":{"line":114,"column":12},"end":{"line":114,"column":19}},{"start":{"line":115,"column":12},"end":{"line":116,"column":28}},{"start":{"line":117,"column":12},"end":{"line":124,"column":22}}],"line":113}},"s":{"0":1,"1":14,"2":0,"3":0,"4":0,"5":7,"6":7,"7":7,"8":2,"9":2,"10":1,"11":1,"12":1,"13":1,"14":1,"15":1,"16":1,"17":1,"18":2,"19":2,"20":7,"21":7,"22":3,"23":3,"24":3,"25":4,"26":4,"27":4,"28":4,"29":4,"30":7,"31":7,"32":3,"33":2,"34":2,"35":2,"36":1,"37":1,"38":1,"39":1,"40":1,"41":1,"42":1,"43":1,"44":1,"45":2,"46":1,"47":3,"48":3,"49":3,"50":3,"51":1,"52":1,"53":1,"54":2,"55":2,"56":2,"57":2,"58":2,"59":2,"60":3,"61":0,"62":2,"63":1,"64":0,"65":0,"66":0,"67":0,"68":0,"69":0,"70":0,"71":0,"72":0,"73":1,"74":0,"75":0,"76":0,"77":0,"78":0,"79":0,"80":0,"81":0,"82":0,"83":0,"84":0,"85":0,"86":0},"f":{"0":14,"1":0,"2":0,"3":0,"4":7,"5":2,"6":7,"7":3,"8":3,"9":2,"10":1,"11":0,"12":0,"13":0,"14":0},"b":{"0":[0,0],"1":[1,1],"2":[1,0],"3":[3,4],"4":[4,0],"5":[2,1],"6":[1,1],"7":[1,0],"8":[3,0],"9":[1,2],"10":[2,0],"11":[0,0,0]},"_coverageSchema":"1a1c01bbd47fc00a2c39e90264f33305004495a9","hash":"c9dbac6ca1530ff73b538fcdce92e820eebd59a4"}
,"/home/dmlt/repositories/dev-compendium/DataStructures/Queue/Queue.ts": {"path":"/home/dmlt/repositories/dev-compendium/DataStructures/Queue/Queue.ts","statementMap":{"0":{"start":{"line":24,"column":0},"end":{"line":24,"column":62}},"1":{"start":{"line":30,"column":8},"end":{"line":30,"column":42}},"2":{"start":{"line":31,"column":8},"end":{"line":31,"column":24}},"3":{"start":{"line":34,"column":21},"end":{"line":34,"column":36}},"4":{"start":{"line":35,"column":8},"end":{"line":35,"column":22}},"5":{"start":{"line":36,"column":8},"end":{"line":39,"column":9}},"6":{"start":{"line":37,"column":12},"end":{"line":37,"column":52}},"7":{"start":{"line":38,"column":12},"end":{"line":38,"column":19}},"8":{"start":{"line":40,"column":8},"end":{"line":40,"column":30}},"9":{"start":{"line":41,"column":8},"end":{"line":41,"column":25}},"10":{"start":{"line":44,"column":8},"end":{"line":46,"column":9}},"11":{"start":{"line":45,"column":12},"end":{"line":45,"column":29}},"12":{"start":{"line":47,"column":8},"end":{"line":47,"column":22}},"13":{"start":{"line":48,"column":21},"end":{"line":48,"column":30}},"14":{"start":{"line":49,"column":8},"end":{"line":49,"column":35}},"15":{"start":{"line":50,"column":8},"end":{"line":50,"column":30}},"16":{"start":{"line":51,"column":8},"end":{"line":53,"column":9}},"17":{"start":{"line":52,"column":12},"end":{"line":52,"column":34}},"18":{"start":{"line":54,"column":8},"end":{"line":54,"column":26}},"19":{"start":{"line":57,"column":8},"end":{"line":57,"column":32}},"20":{"start":{"line":60,"column":8},"end":{"line":60,"column":33}},"21":{"start":{"line":63,"column":8},"end":{"line":63,"column":43}},"22":{"start":{"line":66,"column":0},"end":{"line":66,"column":24}}},"fnMap":{"0":{"name":"(anonymous_0)","decl":{"start":{"line":29,"column":4},"end":{"line":29,"column":5}},"loc":{"start":{"line":29,"column":18},"end":{"line":32,"column":5}},"line":29},"1":{"name":"(anonymous_1)","decl":{"start":{"line":33,"column":4},"end":{"line":33,"column":5}},"loc":{"start":{"line":33,"column":18},"end":{"line":42,"column":5}},"line":33},"2":{"name":"(anonymous_2)","decl":{"start":{"line":43,"column":4},"end":{"line":43,"column":5}},"loc":{"start":{"line":43,"column":14},"end":{"line":55,"column":5}},"line":43},"3":{"name":"(anonymous_3)","decl":{"start":{"line":56,"column":4},"end":{"line":56,"column":5}},"loc":{"start":{"line":56,"column":11},"end":{"line":58,"column":5}},"line":56},"4":{"name":"(anonymous_4)","decl":{"start":{"line":59,"column":4},"end":{"line":59,"column":5}},"loc":{"start":{"line":59,"column":18},"end":{"line":61,"column":5}},"line":59},"5":{"name":"(anonymous_5)","decl":{"start":{"line":62,"column":4},"end":{"line":62,"column":5}},"loc":{"start":{"line":62,"column":24},"end":{"line":64,"column":5}},"line":62}},"branchMap":{"0":{"loc":{"start":{"line":36,"column":8},"end":{"line":39,"column":9}},"type":"if","locations":[{"start":{"line":36,"column":8},"end":{"line":39,"column":9}},{"start":{},"end":{}}],"line":36},"1":{"loc":{"start":{"line":44,"column":8},"end":{"line":46,"column":9}},"type":"if","locations":[{"start":{"line":44,"column":8},"end":{"line":46,"column":9}},{"start":{},"end":{}}],"line":44},"2":{"loc":{"start":{"line":51,"column":8},"end":{"line":53,"column":9}},"type":"if","locations":[{"start":{"line":51,"column":8},"end":{"line":53,"column":9}},{"start":{},"end":{}}],"line":51}},"s":{"0":1,"1":5,"2":5,"3":11,"4":11,"5":11,"6":5,"7":5,"8":6,"9":6,"10":5,"11":1,"12":4,"13":4,"14":4,"15":4,"16":4,"17":1,"18":4,"19":3,"20":3,"21":6,"22":1},"f":{"0":5,"1":11,"2":5,"3":3,"4":3,"5":6},"b":{"0":[5,6],"1":[1,4],"2":[1,3]},"_coverageSchema":"1a1c01bbd47fc00a2c39e90264f33305004495a9","hash":"4a13d5da5e48027f904357b386f938638b371240"}
,"/home/dmlt/repositories/dev-compendium/DataStructures/Stack/Stack.ts": {"path":"/home/dmlt/repositories/dev-compendium/DataStructures/Stack/Stack.ts","statementMap":{"0":{"start":{"line":2,"column":0},"end":{"line":2,"column":62}},"1":{"start":{"line":7,"column":8},"end":{"line":7,"column":30}},"2":{"start":{"line":8,"column":8},"end":{"line":8,"column":24}},"3":{"start":{"line":11,"column":21},"end":{"line":11,"column":36}},"4":{"start":{"line":12,"column":8},"end":{"line":12,"column":22}},"5":{"start":{"line":13,"column":8},"end":{"line":16,"column":9}},"6":{"start":{"line":14,"column":12},"end":{"line":14,"column":29}},"7":{"start":{"line":15,"column":12},"end":{"line":15,"column":19}},"8":{"start":{"line":17,"column":8},"end":{"line":17,"column":30}},"9":{"start":{"line":18,"column":8},"end":{"line":18,"column":25}},"10":{"start":{"line":21,"column":8},"end":{"line":23,"column":9}},"11":{"start":{"line":22,"column":12},"end":{"line":22,"column":29}},"12":{"start":{"line":24,"column":28},"end":{"line":24,"column":43}},"13":{"start":{"line":25,"column":8},"end":{"line":25,"column":35}},"14":{"start":{"line":26,"column":8},"end":{"line":26,"column":22}},"15":{"start":{"line":27,"column":8},"end":{"line":27,"column":27}},"16":{"start":{"line":30,"column":8},"end":{"line":30,"column":32}},"17":{"start":{"line":33,"column":8},"end":{"line":33,"column":33}},"18":{"start":{"line":36,"column":0},"end":{"line":36,"column":24}}},"fnMap":{"0":{"name":"(anonymous_0)","decl":{"start":{"line":6,"column":4},"end":{"line":6,"column":5}},"loc":{"start":{"line":6,"column":18},"end":{"line":9,"column":5}},"line":6},"1":{"name":"(anonymous_1)","decl":{"start":{"line":10,"column":4},"end":{"line":10,"column":5}},"loc":{"start":{"line":10,"column":15},"end":{"line":19,"column":5}},"line":10},"2":{"name":"(anonymous_2)","decl":{"start":{"line":20,"column":4},"end":{"line":20,"column":5}},"loc":{"start":{"line":20,"column":10},"end":{"line":28,"column":5}},"line":20},"3":{"name":"(anonymous_3)","decl":{"start":{"line":29,"column":4},"end":{"line":29,"column":5}},"loc":{"start":{"line":29,"column":11},"end":{"line":31,"column":5}},"line":29},"4":{"name":"(anonymous_4)","decl":{"start":{"line":32,"column":4},"end":{"line":32,"column":5}},"loc":{"start":{"line":32,"column":14},"end":{"line":34,"column":5}},"line":32}},"branchMap":{"0":{"loc":{"start":{"line":13,"column":8},"end":{"line":16,"column":9}},"type":"if","locations":[{"start":{"line":13,"column":8},"end":{"line":16,"column":9}},{"start":{},"end":{}}],"line":13},"1":{"loc":{"start":{"line":21,"column":8},"end":{"line":23,"column":9}},"type":"if","locations":[{"start":{"line":21,"column":8},"end":{"line":23,"column":9}},{"start":{},"end":{}}],"line":21}},"s":{"0":1,"1":4,"2":4,"3":6,"4":6,"5":6,"6":3,"7":3,"8":3,"9":3,"10":4,"11":1,"12":3,"13":3,"14":3,"15":3,"16":6,"17":2,"18":1},"f":{"0":4,"1":6,"2":4,"3":6,"4":2},"b":{"0":[3,3],"1":[1,3]},"_coverageSchema":"1a1c01bbd47fc00a2c39e90264f33305004495a9","hash":"118481afbd9882ed2ae25058a2493787f71c57ed"}
}
