TN:
SF:Algorithms/BoyerMooreVotingAlgorithm/BoyerMooreVoting.ts
FN:12,boyerMooreVoting
FNF:1
FNH:1
FNDA:7,boyerMooreVoting
DA:11,1
DA:13,7
DA:14,7
DA:15,7
DA:16,56
DA:17,6
DA:18,6
DA:20,50
DA:21,28
DA:24,22
DA:29,7
DA:31,1
LF:12
LH:12
BRDA:16,0,0,6
BRDA:16,0,1,50
BRDA:20,1,0,28
BRDA:20,1,1,22
BRF:4
BRH:4
end_of_record
TN:
SF:Algorithms/Search/BinarySearch/BinarySearch.ts
FN:4,BinarySearch
FNF:1
FNH:1
FNDA:21,BinarySearch
DA:3,1
DA:5,21
DA:6,21
DA:7,21
DA:8,62
DA:9,62
DA:10,13
DA:12,49
DA:13,29
DA:16,20
DA:19,8
DA:21,1
LF:12
LH:12
BRDA:9,0,0,13
BRDA:9,0,1,49
BRDA:12,1,0,29
BRDA:12,1,1,20
BRF:4
BRH:4
end_of_record
TN:
SF:Algorithms/Search/ExponentialSearch/ExponentialSearch.ts
FN:7,ExponentialSearch
FN:18,binarySearch
FNF:2
FNH:2
FNDA:10,ExponentialSearch
FNDA:8,binarySearch
DA:2,1
DA:8,10
DA:9,2
DA:11,8
DA:12,8
DA:13,16
DA:15,8
DA:17,1
DA:19,8
DA:20,16
DA:21,16
DA:22,4
DA:23,12
DA:24,6
DA:27,6
DA:30,4
LF:16
LH:16
BRDA:8,0,0,2
BRDA:8,0,1,8
BRDA:12,1,0,24
BRDA:12,1,1,21
BRDA:21,2,0,4
BRDA:21,2,1,12
BRDA:23,3,0,6
BRDA:23,3,1,6
BRF:8
BRH:8
end_of_record
TN:
SF:Algorithms/Search/LinearSearch/LinearSearch.ts
FN:3,linearSearch
FNF:1
FNH:1
FNDA:10,linearSearch
DA:2,1
DA:4,10
DA:5,457
DA:6,6
DA:9,4
DA:11,1
LF:6
LH:6
BRDA:5,0,0,6
BRDA:5,0,1,451
BRF:2
BRH:2
end_of_record
TN:
SF:Algorithms/Search/__solutions__/TwoCrystalBalls.ts
FN:4,twoCrystallBalls
FNF:1
FNH:1
FNDA:3,twoCrystallBalls
DA:3,1
DA:5,3
DA:6,3
DA:7,3
DA:8,5
DA:9,2
DA:12,3
DA:13,3
DA:14,6
DA:15,2
DA:18,1
DA:20,1
LF:12
LH:12
BRDA:8,0,0,2
BRDA:8,0,1,3
BRDA:14,1,0,2
BRDA:14,1,1,4
BRF:4
BRH:4
end_of_record
TN:
SF:Algorithms/Sorting/BubbleSort/BubbleSort.ts
FN:29,bubbleSort
FNF:1
FNH:1
FNDA:3,bubbleSort
DA:28,1
DA:30,3
DA:31,3
DA:32,190
DA:33,190
DA:34,18711
DA:35,4888
DA:36,4888
DA:40,3
DA:42,1
LF:10
LH:10
BRDA:34,0,0,4888
BRDA:34,0,1,13823
BRF:2
BRH:2
end_of_record
TN:
SF:Algorithms/Sorting/InsertionSort/InsertionSort.ts
FN:29,insertionSort
FNF:1
FNH:1
FNDA:3,insertionSort
DA:28,1
DA:30,3
DA:31,198
DA:32,198
DA:33,198
DA:34,4517
DA:35,4517
DA:37,198
DA:39,3
DA:41,1
LF:10
LH:10
BRDA:33,0,0,4715
BRDA:33,0,1,4709
BRF:2
BRH:2
end_of_record
TN:
SF:Algorithms/Sorting/MergeSort/MergeSort.ts
FN:28,merge
FN:40,mergeSort
FNF:2
FNH:2
FNDA:198,merge
FNDA:399,mergeSort
DA:27,1
DA:29,198
DA:30,198
DA:31,1077
DA:32,534
DA:35,543
DA:38,198
DA:41,399
DA:42,201
DA:43,198
DA:44,198
DA:45,198
DA:46,198
DA:48,1
LF:14
LH:14
BRDA:30,0,0,1275
BRDA:30,0,1,1162
BRDA:31,1,0,534
BRDA:31,1,1,543
BRDA:41,2,0,201
BRDA:41,2,1,198
BRF:6
BRH:6
end_of_record
TN:
SF:Algorithms/Sorting/SelectionSort/SelectionSort.ts
FN:20,selectionSort
FNF:1
FNH:1
FNDA:3,selectionSort
DA:19,1
DA:21,3
DA:22,200
DA:23,200
DA:24,9900
DA:25,652
DA:28,200
DA:29,189
DA:32,3
DA:34,1
LF:10
LH:10
BRDA:24,0,0,652
BRDA:24,0,1,9248
BRDA:28,1,0,189
BRDA:28,1,1,11
BRF:4
BRH:4
end_of_record
TN:
SF:DataStructures/LinkedList/LinkedList.ts
FN:7,(anonymous_0)
FN:17,(anonymous_1)
FN:22,(anonymous_2)
FN:38,(anonymous_3)
FN:63,(anonymous_4)
FN:75,(anonymous_5)
FN:87,(anonymous_6)
FN:100,(anonymous_7)
FN:109,(anonymous_8)
FN:130,(anonymous_9)
FNF:10
FNH:4
FNDA:5,(anonymous_0)
FNDA:3,(anonymous_1)
FNDA:5,(anonymous_2)
FNDA:1,(anonymous_3)
FNDA:0,(anonymous_4)
FNDA:0,(anonymous_5)
FNDA:0,(anonymous_6)
FNDA:0,(anonymous_7)
FNDA:0,(anonymous_8)
FNDA:0,(anonymous_9)
DA:2,1
DA:8,5
DA:9,5
DA:10,5
DA:18,3
DA:19,3
DA:20,3
DA:25,5
DA:26,5
DA:27,2
DA:28,2
DA:31,3
DA:32,3
DA:33,3
DA:35,5
DA:36,5
DA:40,1
DA:41,0
DA:42,1
DA:43,0
DA:44,0
DA:45,0
DA:46,0
DA:47,0
DA:49,1
DA:50,1
DA:51,0
DA:52,0
DA:54,1
DA:55,1
DA:56,1
DA:57,1
DA:58,0
DA:59,0
DA:61,1
DA:65,0
DA:66,0
DA:67,0
DA:68,0
DA:69,0
DA:70,0
DA:71,0
DA:73,0
DA:77,0
DA:78,0
DA:79,0
DA:80,0
DA:82,0
DA:83,0
DA:84,0
DA:85,0
DA:89,0
DA:90,0
DA:92,0
DA:93,0
DA:94,0
DA:95,0
DA:96,0
DA:98,0
DA:102,0
DA:103,0
DA:104,0
DA:105,0
DA:107,0
DA:111,0
DA:112,0
DA:113,0
DA:114,0
DA:115,0
DA:116,0
DA:117,0
DA:118,0
DA:119,0
DA:120,0
DA:121,0
DA:122,0
DA:123,0
DA:124,0
DA:127,0
DA:132,0
DA:133,0
DA:135,0
DA:136,0
DA:137,0
DA:139,0
DA:140,0
DA:141,0
DA:142,0
DA:143,0
DA:145,0
DA:148,1
LF:91
LH:26
BRDA:26,0,0,2
BRDA:26,0,1,3
BRDA:40,1,0,0
BRDA:40,1,1,1
BRDA:42,2,0,0
BRDA:42,2,1,1
BRDA:57,3,0,0
BRDA:57,3,1,1
BRDA:65,4,0,0
BRDA:65,4,1,0
BRDA:70,5,0,0
BRDA:70,5,1,0
BRDA:78,6,0,0
BRDA:78,6,1,0
BRDA:89,7,0,0
BRDA:89,7,1,0
BRDA:89,8,0,0
BRDA:89,8,1,0
BRDA:94,9,0,0
BRDA:94,9,1,0
BRDA:103,10,0,0
BRDA:103,10,1,0
BRDA:111,11,0,0
BRDA:111,11,1,0
BRDA:111,12,0,0
BRDA:111,12,1,0
BRDA:113,13,0,0
BRDA:113,13,1,0
BRDA:115,14,0,0
BRDA:115,14,1,0
BRDA:119,15,0,0
BRDA:119,15,1,0
BRDA:132,16,0,0
BRDA:132,16,1,0
BRF:34
BRH:5
end_of_record
TN:
SF:DataStructures/Queue/Queue.ts
FN:29,(anonymous_0)
FN:33,(anonymous_1)
FN:43,(anonymous_2)
FN:56,(anonymous_3)
FN:59,(anonymous_4)
FN:62,(anonymous_5)
FNF:6
FNH:6
FNDA:5,(anonymous_0)
FNDA:11,(anonymous_1)
FNDA:5,(anonymous_2)
FNDA:3,(anonymous_3)
FNDA:3,(anonymous_4)
FNDA:6,(anonymous_5)
DA:24,1
DA:30,5
DA:31,5
DA:34,11
DA:35,11
DA:36,11
DA:37,5
DA:38,5
DA:40,6
DA:41,6
DA:44,5
DA:45,1
DA:47,4
DA:48,4
DA:49,4
DA:50,4
DA:51,4
DA:52,1
DA:54,4
DA:57,3
DA:60,3
DA:63,6
DA:66,1
LF:23
LH:23
BRDA:36,0,0,5
BRDA:36,0,1,6
BRDA:44,1,0,1
BRDA:44,1,1,4
BRDA:51,2,0,1
BRDA:51,2,1,3
BRF:6
BRH:6
end_of_record
TN:
SF:DataStructures/Stack/Stack.ts
FN:6,(anonymous_0)
FN:10,(anonymous_1)
FN:20,(anonymous_2)
FN:29,(anonymous_3)
FN:32,(anonymous_4)
FNF:5
FNH:5
FNDA:4,(anonymous_0)
FNDA:6,(anonymous_1)
FNDA:4,(anonymous_2)
FNDA:6,(anonymous_3)
FNDA:2,(anonymous_4)
DA:2,1
DA:7,4
DA:8,4
DA:11,6
DA:12,6
DA:13,6
DA:14,3
DA:15,3
DA:17,3
DA:18,3
DA:21,4
DA:22,1
DA:24,3
DA:25,3
DA:26,3
DA:27,3
DA:30,6
DA:33,2
DA:36,1
LF:19
LH:19
BRDA:13,0,0,3
BRDA:13,0,1,3
BRDA:21,1,0,1
BRDA:21,1,1,3
BRF:4
BRH:4
end_of_record
