TN:
SF:Search/BinarySearch/BinarySearch.ts
FN:4,BinarySearch
FNF:1
FNH:1
FNDA:9,BinarySearch
DA:3,1
DA:5,9
DA:6,9
DA:7,9
DA:8,32
DA:9,32
DA:10,6
DA:12,26
DA:13,14
DA:15,12
DA:16,12
DA:19,3
DA:21,1
LF:13
LH:13
BRDA:9,0,0,6
BRDA:9,0,1,26
BRDA:12,1,0,14
BRDA:12,1,1,12
BRDA:15,2,0,12
BRDA:15,2,1,0
BRF:6
BRH:5
end_of_record
TN:
SF:Search/ExponentialSearch/ExponentialSearch.ts
FN:7,ExponentialSearch
FN:18,binarySearch
FNF:2
FNH:2
FNDA:10,ExponentialSearch
FNDA:8,binarySearch
DA:2,1
DA:8,10
DA:9,2
DA:11,8
DA:12,8
DA:13,16
DA:15,8
DA:17,1
DA:19,8
DA:20,16
DA:21,16
DA:22,4
DA:23,12
DA:24,6
DA:27,6
DA:30,4
LF:16
LH:16
BRDA:8,0,0,2
BRDA:8,0,1,8
BRDA:12,1,0,24
BRDA:12,1,1,21
BRDA:21,2,0,4
BRDA:21,2,1,12
BRDA:23,3,0,6
BRDA:23,3,1,6
BRF:8
BRH:8
end_of_record
TN:
SF:Search/LinearSearch/LinearSearch.ts
FN:3,linearSearch
FNF:1
FNH:1
FNDA:10,linearSearch
DA:2,1
DA:4,10
DA:5,457
DA:6,6
DA:9,4
DA:11,1
LF:6
LH:6
BRDA:5,0,0,6
BRDA:5,0,1,451
BRF:2
BRH:2
end_of_record
TN:
SF:Search/__solutions__/TwoCrystalBalls.ts
FN:4,twoCrystallBalls
FNF:1
FNH:1
FNDA:3,twoCrystallBalls
DA:3,1
DA:5,3
DA:6,3
DA:7,3
DA:8,5
DA:9,2
DA:12,3
DA:13,3
DA:14,6
DA:15,2
DA:18,1
DA:20,1
LF:12
LH:12
BRDA:8,0,0,2
BRDA:8,0,1,3
BRDA:14,1,0,2
BRDA:14,1,1,4
BRF:4
BRH:4
end_of_record
TN:
SF:Sorting/BubbleSort/BubbleSort.ts
FN:29,bubbleSort
FNF:1
FNH:1
FNDA:3,bubbleSort
DA:28,1
DA:30,3
DA:31,3
DA:32,181
DA:33,181
DA:34,17820
DA:35,4617
DA:36,4617
DA:40,3
DA:42,1
LF:10
LH:10
BRDA:34,0,0,4617
BRDA:34,0,1,13203
BRF:2
BRH:2
end_of_record
TN:
SF:Sorting/InsertionSort/InsertionSort.ts
FN:6,insertionSort
FNF:1
FNH:1
FNDA:3,insertionSort
DA:5,1
DA:7,3
DA:8,198
DA:9,198
DA:10,198
DA:11,4757
DA:12,4757
DA:14,198
DA:16,3
DA:18,1
LF:10
LH:10
BRDA:10,0,0,4955
BRDA:10,0,1,4950
BRF:2
BRH:2
end_of_record
TN:
SF:Sorting/SelectionSort/SelectionSort.ts
FN:20,selectionSort
FNF:1
FNH:1
FNDA:3,selectionSort
DA:19,1
DA:21,3
DA:22,200
DA:23,200
DA:24,9900
DA:25,642
DA:28,200
DA:29,191
DA:32,3
DA:34,1
LF:10
LH:10
BRDA:24,0,0,642
BRDA:24,0,1,9258
BRDA:28,1,0,191
BRDA:28,1,1,9
BRF:4
BRH:4
end_of_record
